2024-08-26 21:18:03,617 [INFO] Activator:178 - 


2024-08-26 21:18:03,622 [INFO] Activator:179 - !SESSION log4j initialized
2024-08-26 21:40:16,873 [INFO] ApplicationProperties:181 - Using Application install path: C:\ST\STM32CubeIDE_1.4.0\STM32CubeIDE\plugins\com.st.stm32cube.common.mx_6.0.0.202007160824
2024-08-26 21:40:16,885 [INFO] DbMcusXml:70 - Set database path to: C:\ST\STM32CubeIDE_1.4.0\STM32CubeIDE\plugins\com.st.stm32cube.common.mx_6.0.0.202007160824\\db\/mcu/
2024-08-26 21:40:16,895 [INFO] DbBoardsPdsc:56 - Set plugin database path to: C:\ST\STM32CubeIDE_1.4.0\STM32CubeIDE\plugins\com.st.stm32cube.common.mx_6.0.0.202007160824\\db\/plugins/boardmanager/
2024-08-26 21:40:16,895 [INFO] DbMcus:258 - Set plugin images path to: C:\ST\STM32CubeIDE_1.4.0\STM32CubeIDE\plugins\com.st.stm32cube.common.mx_6.0.0.202007160824\\db\/plugins/mcufinder/images/
2024-08-26 21:40:16,895 [INFO] DbBoards:264 - Set plugin images path to: C:\ST\STM32CubeIDE_1.4.0\STM32CubeIDE\plugins\com.st.stm32cube.common.mx_6.0.0.202007160824\\db\/plugins/mcufinder/images/
2024-08-26 21:40:16,899 [INFO] DbExamples:326 - Set plugin images path to: C:\ST\STM32CubeIDE_1.4.0\STM32CubeIDE\plugins\com.st.stm32cube.common.mx_6.0.0.202007160824\\db\/plugins/mcufinder/images/
2024-08-26 21:40:16,910 [INFO] DbMcusDocs:112 - Set database path to: C:\Users\abdel\.stmcufinder\plugins\mcufinder//mcu/
2024-08-26 21:40:16,912 [INFO] DbMcusJson:63 - Set database path to: C:\Users\abdel\.stmcufinder\plugins\mcufinder//mcu/
2024-08-26 21:40:16,913 [INFO] DbBoardsDocs:112 - Set database path to: C:\Users\abdel\.stmcufinder\plugins\mcufinder//mcu/
2024-08-26 21:40:16,916 [INFO] DbBoardsJson:56 - Set database path to: C:\Users\abdel\.stmcufinder\plugins\mcufinder//mcu/
2024-08-26 21:40:16,964 [INFO] CrossReferenceDbSqlite:196 - Set database path to: C:\Users\abdel\.stmcufinder\plugins\mcufinder//mcu/cs/
2024-08-26 21:40:16,964 [INFO] DbExamplesSqlite:800 - Set database path to: C:\Users\abdel\.stmcufinder\plugins\mcufinder//mcu/
2024-08-26 21:40:17,238 [INFO] RulesReader:52 - Compatibility file has been processed (209 Rules)
2024-08-26 21:40:17,380 [INFO] MicroXplorer:564 - Detected Java Version = 1.8.0_252
2024-08-26 21:40:17,380 [INFO] DbMcusXml:70 - Set database path to: C:\ST\STM32CubeIDE_1.4.0\STM32CubeIDE\plugins\com.st.stm32cube.common.mx_6.0.0.202007160824\\db\/mcu/
2024-08-26 21:40:17,380 [INFO] DbBoardsPdsc:56 - Set plugin database path to: C:\ST\STM32CubeIDE_1.4.0\STM32CubeIDE\plugins\com.st.stm32cube.common.mx_6.0.0.202007160824\\db\/plugins/boardmanager/
2024-08-26 21:40:17,381 [INFO] DbMcus:258 - Set plugin images path to: C:\ST\STM32CubeIDE_1.4.0\STM32CubeIDE\plugins\com.st.stm32cube.common.mx_6.0.0.202007160824\\db\/plugins/mcufinder/images/
2024-08-26 21:40:17,381 [INFO] DbBoards:264 - Set plugin images path to: C:\ST\STM32CubeIDE_1.4.0\STM32CubeIDE\plugins\com.st.stm32cube.common.mx_6.0.0.202007160824\\db\/plugins/mcufinder/images/
2024-08-26 21:40:17,383 [INFO] DbExamples:326 - Set plugin images path to: C:\ST\STM32CubeIDE_1.4.0\STM32CubeIDE\plugins\com.st.stm32cube.common.mx_6.0.0.202007160824\\db\/plugins/mcufinder/images/
2024-08-26 21:40:17,383 [WARN] DbFile:36 - Overriding database path with different value: C:\Users\abdel\.stmcufinder\plugins\mcufinder/ => C:\Users\abdel\.stmcufinder\plugins\mcufinder
2024-08-26 21:40:17,383 [INFO] DbMcusDocs:112 - Set database path to: C:\Users\abdel\.stmcufinder\plugins\mcufinder//mcu/
2024-08-26 21:40:17,383 [WARN] DbFile:36 - Overriding database path with different value: C:\Users\abdel\.stmcufinder\plugins\mcufinder/ => C:\Users\abdel\.stmcufinder\plugins\mcufinder
2024-08-26 21:40:17,383 [INFO] DbMcusJson:63 - Set database path to: C:\Users\abdel\.stmcufinder\plugins\mcufinder//mcu/
2024-08-26 21:40:17,383 [WARN] DbFile:36 - Overriding database path with different value: C:\Users\abdel\.stmcufinder\plugins\mcufinder/ => C:\Users\abdel\.stmcufinder\plugins\mcufinder
2024-08-26 21:40:17,384 [INFO] DbBoardsDocs:112 - Set database path to: C:\Users\abdel\.stmcufinder\plugins\mcufinder//mcu/
2024-08-26 21:40:17,384 [WARN] DbFile:36 - Overriding database path with different value: C:\Users\abdel\.stmcufinder\plugins\mcufinder/ => C:\Users\abdel\.stmcufinder\plugins\mcufinder
2024-08-26 21:40:17,384 [INFO] DbBoardsJson:56 - Set database path to: C:\Users\abdel\.stmcufinder\plugins\mcufinder//mcu/
2024-08-26 21:40:17,384 [WARN] DbFile:36 - Overriding database path with different value: C:\Users\abdel\.stmcufinder\plugins\mcufinder/ => C:\Users\abdel\.stmcufinder\plugins\mcufinder
2024-08-26 21:40:17,384 [WARN] DbFile:36 - Overriding database path with different value: C:\Users\abdel\.stmcufinder\plugins\mcufinder/ => C:\Users\abdel\.stmcufinder\plugins\mcufinder
2024-08-26 21:40:17,384 [INFO] CrossReferenceDbSqlite:196 - Set database path to: C:\Users\abdel\.stmcufinder\plugins\mcufinder//mcu/cs/
2024-08-26 21:40:17,385 [WARN] DbFile:36 - Overriding database path with different value: C:\Users\abdel\.stmcufinder\plugins\mcufinder/ => C:\Users\abdel\.stmcufinder\plugins\mcufinder
2024-08-26 21:40:17,385 [INFO] DbExamplesSqlite:800 - Set database path to: C:\Users\abdel\.stmcufinder\plugins\mcufinder//mcu/
2024-08-26 21:40:17,483 [INFO] MainPanel:189 - HeapMemory: 268435456
2024-08-26 21:40:17,607 [INFO] DbMcusXml:70 - Set database path to: C:\ST\STM32CubeIDE_1.4.0\STM32CubeIDE\plugins\com.st.stm32cube.common.mx_6.0.0.202007160824\\db\/mcu/
2024-08-26 21:40:17,607 [INFO] DbBoardsPdsc:56 - Set plugin database path to: C:\ST\STM32CubeIDE_1.4.0\STM32CubeIDE\plugins\com.st.stm32cube.common.mx_6.0.0.202007160824\\db\/plugins/boardmanager/
2024-08-26 21:40:17,607 [INFO] DbMcus:258 - Set plugin images path to: C:\ST\STM32CubeIDE_1.4.0\STM32CubeIDE\plugins\com.st.stm32cube.common.mx_6.0.0.202007160824\\db\/plugins/mcufinder/images/
2024-08-26 21:40:17,607 [INFO] DbBoards:264 - Set plugin images path to: C:\ST\STM32CubeIDE_1.4.0\STM32CubeIDE\plugins\com.st.stm32cube.common.mx_6.0.0.202007160824\\db\/plugins/mcufinder/images/
2024-08-26 21:40:17,607 [INFO] DbExamples:326 - Set plugin images path to: C:\ST\STM32CubeIDE_1.4.0\STM32CubeIDE\plugins\com.st.stm32cube.common.mx_6.0.0.202007160824\\db\/plugins/mcufinder/images/
2024-08-26 21:40:17,607 [WARN] DbFile:36 - Overriding database path with different value: C:\Users\abdel\.stmcufinder\plugins\mcufinder/ => C:\Users\abdel\.stmcufinder\plugins\mcufinder
2024-08-26 21:40:17,607 [INFO] DbMcusDocs:112 - Set database path to: C:\Users\abdel\.stmcufinder\plugins\mcufinder//mcu/
2024-08-26 21:40:17,607 [WARN] DbFile:36 - Overriding database path with different value: C:\Users\abdel\.stmcufinder\plugins\mcufinder/ => C:\Users\abdel\.stmcufinder\plugins\mcufinder
2024-08-26 21:40:17,607 [INFO] DbMcusJson:63 - Set database path to: C:\Users\abdel\.stmcufinder\plugins\mcufinder//mcu/
2024-08-26 21:40:17,607 [WARN] DbFile:36 - Overriding database path with different value: C:\Users\abdel\.stmcufinder\plugins\mcufinder/ => C:\Users\abdel\.stmcufinder\plugins\mcufinder
2024-08-26 21:40:17,607 [INFO] DbBoardsDocs:112 - Set database path to: C:\Users\abdel\.stmcufinder\plugins\mcufinder//mcu/
2024-08-26 21:40:17,607 [WARN] DbFile:36 - Overriding database path with different value: C:\Users\abdel\.stmcufinder\plugins\mcufinder/ => C:\Users\abdel\.stmcufinder\plugins\mcufinder
2024-08-26 21:40:17,607 [INFO] DbBoardsJson:56 - Set database path to: C:\Users\abdel\.stmcufinder\plugins\mcufinder//mcu/
2024-08-26 21:40:17,607 [WARN] DbFile:36 - Overriding database path with different value: C:\Users\abdel\.stmcufinder\plugins\mcufinder/ => C:\Users\abdel\.stmcufinder\plugins\mcufinder
2024-08-26 21:40:17,607 [WARN] DbFile:36 - Overriding database path with different value: C:\Users\abdel\.stmcufinder\plugins\mcufinder/ => C:\Users\abdel\.stmcufinder\plugins\mcufinder
2024-08-26 21:40:17,607 [INFO] CrossReferenceDbSqlite:196 - Set database path to: C:\Users\abdel\.stmcufinder\plugins\mcufinder//mcu/cs/
2024-08-26 21:40:17,607 [WARN] DbFile:36 - Overriding database path with different value: C:\Users\abdel\.stmcufinder\plugins\mcufinder/ => C:\Users\abdel\.stmcufinder\plugins\mcufinder
2024-08-26 21:40:17,607 [INFO] DbExamplesSqlite:800 - Set database path to: C:\Users\abdel\.stmcufinder\plugins\mcufinder//mcu/
2024-08-26 21:40:17,634 [INFO] ApplicationProperties:181 - Using Application install path: C:\ST\STM32CubeIDE_1.4.0\STM32CubeIDE\plugins\com.st.stm32cube.common.mx_6.0.0.202007160824
2024-08-26 21:40:17,638 [INFO] PluginManage:178 - Search for loadable plugins [exclusion list=, ]
2024-08-26 21:40:17,638 [INFO] PluginManage:292 - Check plugin analytics
2024-08-26 21:40:34,884 [INFO] AnalyticsPlugin:203 - Accepted Software Licenses: 
2024-08-26 21:40:34,884 [INFO] AnalyticsPlugin:205 - Accepted CMSIS Pack Licenses: 
2024-08-26 21:40:34,887 [INFO] AnalyticsPlugin:207 - Accepted Firmware Licenses: 
2024-08-26 21:40:34,887 [INFO] PluginManage:342 - Loaded plugin analytics (category:tool,tabindex:-1)
2024-08-26 21:40:34,887 [INFO] PluginManage:292 - Check plugin clock
2024-08-26 21:40:34,921 [INFO] PluginManage:342 - Loaded plugin clock (category:base,tabindex:2)
2024-08-26 21:40:34,921 [INFO] PluginManage:292 - Check plugin ddr
2024-08-26 21:40:34,924 [INFO] PluginManage:342 - Loaded plugin ddr (category:tool,tabindex:6)
2024-08-26 21:40:34,928 [INFO] PluginManage:292 - Check plugin filemanager
2024-08-26 21:40:35,126 [INFO] PluginManage:342 - Loaded plugin filemanager (category:base,tabindex:10)
2024-08-26 21:40:35,126 [INFO] PluginManage:292 - Check plugin ipmanager
2024-08-26 21:40:35,148 [INFO] PluginManage:342 - Loaded plugin ipmanager (category:base,tabindex:5)
2024-08-26 21:40:35,149 [INFO] PluginManage:292 - Check plugin pinoutandconfiguration
2024-08-26 21:40:35,179 [INFO] PluginManage:342 - Loaded plugin pinoutandconfiguration (category:base,tabindex:1)
2024-08-26 21:40:35,179 [INFO] PluginManage:292 - Check plugin pinoutconfig
2024-08-26 21:40:35,236 [INFO] PluginManage:342 - Loaded plugin pinoutconfig (category:base,tabindex:0)
2024-08-26 21:40:35,236 [INFO] PluginManage:292 - Check plugin power
2024-08-26 21:40:35,267 [INFO] PluginManage:342 - Loaded plugin power (category:power,tabindex:4)
2024-08-26 21:40:35,267 [INFO] PluginManage:292 - Check plugin projectmanager
2024-08-26 21:40:35,290 [INFO] PluginManage:342 - Loaded plugin projectmanager (category:projectmanager,tabindex:3)
2024-08-26 21:40:35,290 [INFO] PluginManage:292 - Check plugin thirdparty
2024-08-26 21:40:35,565 [INFO] ThirdPartyDb:333 - Open Third Party DataBase File (C:/Users/abdel/.stm32cubemx/plugins/thirdparty/db/thirdparties_db.xml) : 127 ms. number of Sw pack : 51
2024-08-26 21:40:35,575 [INFO] PluginManage:342 - Loaded plugin thirdparty (category:base,tabindex:-1)
2024-08-26 21:40:35,575 [INFO] PluginManage:292 - Check plugin tools
2024-08-26 21:40:35,708 [INFO] PluginManage:342 - Loaded plugin tools (category:base,tabindex:7)
2024-08-26 21:40:35,708 [INFO] PluginManage:292 - Check plugin tutovideos
2024-08-26 21:40:36,166 [INFO] PluginManage:342 - Loaded plugin tutovideos (category:base,tabindex:-1)
2024-08-26 21:40:36,166 [INFO] PluginManage:292 - Check plugin updater
2024-08-26 21:40:36,196 [INFO] PluginManage:342 - Loaded plugin updater (category:base,tabindex:12)
2024-08-26 21:40:36,202 [INFO] PluginManage:265 - PluginManage : Loaded plugins [13]
2024-08-26 21:40:36,559 [INFO] PinOutPanel:1418 - setPackage(No Configuration,No Configuration)
2024-08-26 21:40:36,806 [INFO] IPUIPlugin:64 - create IPUIPlugin
2024-08-26 21:40:36,806 [INFO] PluginManager:200 - loadIPPluginJar : add adc
2024-08-26 21:40:36,915 [INFO] IPUIPlugin:64 - create IPUIPlugin
2024-08-26 21:40:36,915 [INFO] PluginManager:200 - loadIPPluginJar : add aes
2024-08-26 21:40:37,038 [INFO] IPUIPlugin:64 - create IPUIPlugin
2024-08-26 21:40:37,038 [INFO] PluginManager:200 - loadIPPluginJar : add can
2024-08-26 21:40:37,138 [INFO] IPUIPlugin:64 - create IPUIPlugin
2024-08-26 21:40:37,143 [INFO] PluginManager:200 - loadIPPluginJar : add comp
2024-08-26 21:40:37,206 [INFO] IPUIPlugin:64 - create IPUIPlugin
2024-08-26 21:40:37,206 [INFO] PluginManager:200 - loadIPPluginJar : add cryp
2024-08-26 21:40:37,267 [INFO] IPUIPlugin:64 - create IPUIPlugin
2024-08-26 21:40:37,267 [INFO] PluginManager:200 - loadIPPluginJar : add dfsdm
2024-08-26 21:40:37,288 [INFO] IPUIPlugin:64 - create IPUIPlugin
2024-08-26 21:40:37,288 [INFO] PluginManager:200 - loadIPPluginJar : add dma
2024-08-26 21:40:37,326 [INFO] IPUIPlugin:64 - create IPUIPlugin
2024-08-26 21:40:37,326 [INFO] PluginManager:200 - loadIPPluginJar : add fatfs
2024-08-26 21:40:37,436 [INFO] IPUIPlugin:64 - create IPUIPlugin
2024-08-26 21:40:37,436 [INFO] PluginManager:200 - loadIPPluginJar : add fmc
2024-08-26 21:40:37,456 [INFO] IPUIPlugin:64 - create IPUIPlugin
2024-08-26 21:40:37,456 [INFO] PluginManager:200 - loadIPPluginJar : add freertos
2024-08-26 21:40:37,504 [INFO] IPUIPlugin:64 - create IPUIPlugin
2024-08-26 21:40:37,504 [INFO] PluginManager:200 - loadIPPluginJar : add genericplugin
2024-08-26 21:40:37,663 [INFO] IPUIPlugin:64 - create IPUIPlugin
2024-08-26 21:40:37,663 [INFO] PluginManager:200 - loadIPPluginJar : add gfxmmu
2024-08-26 21:40:37,920 [INFO] IPUIPlugin:64 - create IPUIPlugin
2024-08-26 21:40:37,921 [INFO] PluginManager:200 - loadIPPluginJar : add gic
2024-08-26 21:40:37,948 [INFO] IPUIPlugin:64 - create IPUIPlugin
2024-08-26 21:40:37,948 [INFO] PluginManager:200 - loadIPPluginJar : add gpio
2024-08-26 21:40:38,037 [INFO] IPUIPlugin:64 - create IPUIPlugin
2024-08-26 21:40:38,038 [INFO] PluginManager:200 - loadIPPluginJar : add gtzc
2024-08-26 21:40:38,087 [INFO] IPUIPlugin:64 - create IPUIPlugin
2024-08-26 21:40:38,087 [INFO] PluginManager:200 - loadIPPluginJar : add hash
2024-08-26 21:40:38,169 [INFO] IPUIPlugin:64 - create IPUIPlugin
2024-08-26 21:40:38,169 [INFO] PluginManager:200 - loadIPPluginJar : add i2c
2024-08-26 21:40:38,235 [INFO] IPUIPlugin:64 - create IPUIPlugin
2024-08-26 21:40:38,235 [INFO] PluginManager:200 - loadIPPluginJar : add i2s
2024-08-26 21:40:38,243 [INFO] IPUIPlugin:64 - create IPUIPlugin
2024-08-26 21:40:38,243 [INFO] PluginManager:200 - loadIPPluginJar : add ipddr
2024-08-26 21:40:38,305 [INFO] IPUIPlugin:64 - create IPUIPlugin
2024-08-26 21:40:38,305 [INFO] PluginManager:200 - loadIPPluginJar : add ltdc
2024-08-26 21:40:38,326 [INFO] IPUIPlugin:64 - create IPUIPlugin
2024-08-26 21:40:38,326 [INFO] PluginManager:200 - loadIPPluginJar : add mdma
2024-08-26 21:40:38,334 [INFO] IPUIPlugin:64 - create IPUIPlugin
2024-08-26 21:40:38,334 [INFO] PluginManager:200 - loadIPPluginJar : add nvic
2024-08-26 21:40:38,395 [INFO] IPUIPlugin:64 - create IPUIPlugin
2024-08-26 21:40:38,395 [INFO] PluginManager:200 - loadIPPluginJar : add opamp
2024-08-26 21:40:38,504 [INFO] IPUIPlugin:64 - create IPUIPlugin
2024-08-26 21:40:38,504 [INFO] PluginManager:200 - loadIPPluginJar : add openamp
2024-08-26 21:40:38,666 [INFO] IPUIPlugin:64 - create IPUIPlugin
2024-08-26 21:40:38,666 [INFO] PluginManager:200 - loadIPPluginJar : add pdm2pcm
2024-08-26 21:40:38,705 [INFO] IPUIPlugin:64 - create IPUIPlugin
2024-08-26 21:40:38,716 [INFO] PluginManager:200 - loadIPPluginJar : add plateformsettings
2024-08-26 21:40:38,796 [INFO] IPUIPlugin:64 - create IPUIPlugin
2024-08-26 21:40:38,796 [INFO] PluginManager:200 - loadIPPluginJar : add quadspi
2024-08-26 21:40:38,826 [INFO] IPUIPlugin:64 - create IPUIPlugin
2024-08-26 21:40:38,826 [INFO] PluginManager:200 - loadIPPluginJar : add resmgrutility
2024-08-26 21:40:38,935 [INFO] IPUIPlugin:64 - create IPUIPlugin
2024-08-26 21:40:38,935 [INFO] PluginManager:200 - loadIPPluginJar : add sai
2024-08-26 21:40:39,004 [INFO] IPUIPlugin:64 - create IPUIPlugin
2024-08-26 21:40:39,004 [INFO] PluginManager:200 - loadIPPluginJar : add spi
2024-08-26 21:40:39,122 [INFO] IPUIPlugin:64 - create IPUIPlugin
2024-08-26 21:40:39,122 [INFO] PluginManager:200 - loadIPPluginJar : add stm32_wpan
2024-08-26 21:40:39,214 [INFO] IPUIPlugin:64 - create IPUIPlugin
2024-08-26 21:40:39,214 [INFO] PluginManager:200 - loadIPPluginJar : add tim
2024-08-26 21:40:39,325 [INFO] IPUIPlugin:64 - create IPUIPlugin
2024-08-26 21:40:39,325 [INFO] PluginManager:200 - loadIPPluginJar : add touchsensing
2024-08-26 21:40:39,428 [INFO] IPUIPlugin:64 - create IPUIPlugin
2024-08-26 21:40:39,428 [INFO] PluginManager:200 - loadIPPluginJar : add tracer_emb
2024-08-26 21:40:39,514 [INFO] IPUIPlugin:64 - create IPUIPlugin
2024-08-26 21:40:39,514 [INFO] PluginManager:200 - loadIPPluginJar : add ts
2024-08-26 21:40:39,595 [INFO] IPUIPlugin:64 - create IPUIPlugin
2024-08-26 21:40:39,595 [INFO] PluginManager:200 - loadIPPluginJar : add tsc
2024-08-26 21:40:39,687 [INFO] IPUIPlugin:64 - create IPUIPlugin
2024-08-26 21:40:39,687 [INFO] PluginManager:200 - loadIPPluginJar : add ucpd
2024-08-26 21:40:39,815 [INFO] IPUIPlugin:64 - create IPUIPlugin
2024-08-26 21:40:39,815 [INFO] PluginManager:200 - loadIPPluginJar : add usart
2024-08-26 21:40:40,574 [INFO] CubeProgrammer:457 - [DDR PANEL] - PathOfProgrammer: null
2024-08-26 21:40:41,487 [FATAL] Updater:282 - Updater called before beeing initialized
2024-08-26 21:40:41,714 [FATAL] Updater:282 - Updater called before beeing initialized
2024-08-26 21:40:41,714 [WARN] ThirdParty:775 - waiting for thirdparty lock release [close project]
2024-08-26 21:40:41,714 [INFO] ThirdParty:777 - entering critical section [close project]
2024-08-26 21:40:41,716 [INFO] ThirdParty:790 - exiting critical section [close project]
2024-08-26 21:40:41,716 [INFO] PinOutPanel:1418 - setPackage(No Configuration,No Configuration)
2024-08-26 21:40:41,716 [FATAL] Updater:282 - Updater called before beeing initialized
2024-08-26 21:40:41,805 [ERROR] Updater:967 - MainUpdater not yet initialized. External WinMGr cannot be set.
2024-08-26 21:40:41,805 [INFO] CubeProgrammer:457 - [DDR PANEL] - PathOfProgrammer: C:\ST\STM32CubeIDE_1.4.0\STM32CubeIDE\plugins\com.st.stm32cube.ide.mcu.externaltools.cubeprogrammer.win32_1.4.0.202007081208\tools\bin
2024-08-26 21:40:41,805 [INFO] ProgrammerExecThread:148 - [ProgrammerAPI] CubeProgrammer command construction: C:\ST\STM32CubeIDE_1.4.0\STM32CubeIDE\plugins\com.st.stm32cube.ide.mcu.externaltools.cubeprogrammer.win32_1.4.0.202007081208\tools\bin\STM32_Programmer_CLI.exe -l
2024-08-26 21:40:42,334 [INFO] MainDdrPanel:49 - [DDR PANEL] SETTER - Set cubeProgrammerPath to: C:\ST\STM32CubeIDE_1.4.0\STM32CubeIDE\plugins\com.st.stm32cube.ide.mcu.externaltools.cubeprogrammer.win32_1.4.0.202007081208\tools\bin
2024-08-26 21:40:42,523 [INFO] Updater:904 - Updater Version found : 6.0.0
2024-08-26 21:40:42,543 [INFO] ApplicationProperties:181 - Using Application install path: C:\ST\STM32CubeIDE_1.4.0\STM32CubeIDE\plugins\com.st.stm32cube.common.mx_6.0.0.202007160824
2024-08-26 21:40:45,836 [INFO] MainUpdater:2268 - connection check result : 10
2024-08-26 21:40:45,836 [INFO] MainUpdater:239 - Updater Check For Update Now.
2024-08-26 21:40:45,836 [INFO] MicroXplorer:414 - Change Database Version : DB.6.0.0
2024-08-26 21:40:46,014 [INFO] CheckServerUpdateThread:102 - End of CheckServer Thread
2024-08-26 21:40:46,024 [INFO] MainUpdater:2268 - connection check result : 10
2024-08-26 21:40:46,766 [INFO] ServerAccessManage:348 - Download File mcusDocs.json._tmp_
2024-08-26 21:40:47,013 [INFO] LoadUrlFilesThread:135 - End of LoadUrlFiles Thread
2024-08-26 21:40:47,174 [INFO] ServerAccessManage:348 - Download File mcusFeaturesAndDescription.json._tmp_
2024-08-26 21:40:47,596 [WARN] IntegrityCheckThread:61 - waiting for thirdparty lock release [integrity check]
2024-08-26 21:40:47,596 [INFO] IntegrityCheckThread:63 - entering critical section [integrity check]
2024-08-26 21:40:47,596 [WARN] MainUpdater:1087 - Updater busy. Cannot search thirdparties
2024-08-26 21:40:48,927 [ERROR] WebUtils:615 - Updater is busy
2024-08-26 21:40:48,927 [ERROR] WebUtils:615 - Updater is busy
2024-08-26 21:40:48,929 [ERROR] WebUtils:615 - Updater is busy
2024-08-26 21:40:48,929 [ERROR] ServerAccessManage:517 - User Cancel Download : mcusFeaturesAndDescription.json._tmp_.
2024-08-26 21:40:48,930 [INFO] LoadUrlFilesThread:135 - End of LoadUrlFiles Thread
2024-08-26 21:40:49,583 [INFO] ServerAccessManage:348 - Download File crdb.zip
2024-08-26 21:40:49,881 [ERROR] ServerAccessManage:517 - User Cancel Download : crdb.zip.
2024-08-26 21:40:49,917 [INFO] LoadUrlFilesThread:135 - End of LoadUrlFiles Thread
2024-08-26 21:40:50,430 [INFO] ServerAccessManage:348 - Download File tutoVideoDB.zip
2024-08-26 21:40:50,573 [INFO] FileExtend:225 - Unzip File : tutoVideoDB.zip
2024-08-26 21:40:50,577 [INFO] FileExtend:240 - Standard Zip Deflate
2024-08-26 21:40:50,605 [WARN] MainUpdater:1087 - Updater busy. Cannot search thirdparties
2024-08-26 21:40:50,629 [INFO] LoadUrlFilesThread:135 - End of LoadUrlFiles Thread
2024-08-26 21:40:50,678 [INFO] DbMcusDocs:145 - JSON generation date=Tue Nov 16 18:17:54 EET 2021 (1637079474)
2024-08-26 21:40:50,678 [INFO] DbMcusXml:100 - Load MCU database from C:\ST\STM32CubeIDE_1.4.0\STM32CubeIDE\plugins\com.st.stm32cube.common.mx_6.0.0.202007160824\\db\/mcu/families.xml
2024-08-26 21:40:51,165 [ERROR] DbUtils:114 - File not found: C:\Users\abdel\.stmcufinder\plugins\mcufinder//mcu/mcusFeaturesAndDescription.json._tmp_
2024-08-26 21:40:51,165 [WARN] DbUtils:163 - success is not a boolean!
2024-08-26 21:40:51,165 [ERROR] DbFile:108 - Temporary file not found: C:\Users\abdel\.stmcufinder\plugins\mcufinder\mcu\mcusFeaturesAndDescription.json._tmp_
2024-08-26 21:40:51,174 [INFO] DbMcus:175 - Found 1761 MCUs (1722 are supported by CubeMX, 1722 are visible in CubeMX)
2024-08-26 21:40:51,174 [INFO] ApiDb:201 - Load user favorites file C:\Users\abdel/.stm32cubemx/favorites.mcus.txt: 0 item(s)
2024-08-26 21:40:51,174 [INFO] ApiDb:205 - User favorites MCUs=[]
2024-08-26 21:40:51,174 [INFO] DbMcus:187 - Set 0 / 0 favorites MCUs
2024-08-26 21:40:51,179 [ERROR] DbMcusDocs:83 - No MCUs documents found !
2024-08-26 21:40:51,186 [INFO] DbMcusDocs:145 - JSON generation date=Tue Nov 16 18:17:54 EET 2021 (1637079474)
2024-08-26 21:40:51,195 [ERROR] DbMcusDocs:83 - No MCUs documents found !
2024-08-26 21:40:51,195 [INFO] ApiDb:226 - Save user favorites file C:\Users\abdel/.stm32cubemx/favorites.mcus.txt: 0 item(s)
2024-08-26 21:40:51,195 [INFO] ApiDb:230 - User favorites MCUs=[]
2024-08-26 21:40:51,195 [INFO] DbMcusXml:100 - Load MCU database from C:\ST\STM32CubeIDE_1.4.0\STM32CubeIDE\plugins\com.st.stm32cube.common.mx_6.0.0.202007160824\\db\/mcu/families.xml
2024-08-26 21:40:52,105 [INFO] DbMcusJson:92 - JSON generation date=Tue Nov 16 18:17:54 EET 2021 (1637079474)
2024-08-26 21:40:53,399 [INFO] DbMcus:175 - Found 1761 MCUs (1722 are supported by CubeMX, 1911 are visible in CubeMX)
2024-08-26 21:40:53,399 [INFO] ApiDb:201 - Load user favorites file C:\Users\abdel/.stm32cubemx/favorites.mcus.txt: 0 item(s)
2024-08-26 21:40:53,399 [INFO] ApiDb:205 - User favorites MCUs=[]
2024-08-26 21:40:53,399 [INFO] DbMcus:187 - Set 0 / 0 favorites MCUs
2024-08-26 21:40:53,415 [ERROR] DbUtils:114 - File not found: C:\Users\abdel\.stmcufinder\plugins\mcufinder//mcu/boardsDocs.json._tmp_
2024-08-26 21:40:53,415 [WARN] DbUtils:163 - success is not a boolean!
2024-08-26 21:40:53,415 [ERROR] DbBoardsDocs:83 - No boards documents found !
2024-08-26 21:40:53,415 [ERROR] DbFile:108 - Temporary file not found: C:\Users\abdel\.stmcufinder\plugins\mcufinder\mcu\boardsDocs.json._tmp_
2024-08-26 21:40:53,445 [INFO] DbBoardsDocs:145 - JSON generation date=Tue Nov 16 18:17:54 EET 2021 (1637079474)
2024-08-26 21:40:53,475 [INFO] DbBoardsPdsc:94 - Found 23 items
2024-08-26 21:40:53,488 [INFO] DbBoardsPdsc:94 - Found 9 items
2024-08-26 21:40:53,509 [INFO] DbBoardsPdsc:94 - Found 29 items
2024-08-26 21:40:53,516 [INFO] DbBoardsPdsc:94 - Found 1 items
2024-08-26 21:40:53,544 [INFO] DbBoardsPdsc:94 - Found 44 items
2024-08-26 21:40:53,565 [INFO] DbBoardsPdsc:94 - Found 40 items
2024-08-26 21:40:53,576 [INFO] DbBoardsPdsc:94 - Found 2 items
2024-08-26 21:40:53,586 [INFO] DbBoardsPdsc:94 - Found 4 items
2024-08-26 21:40:53,600 [WARN] DbBoardsPdsc:258 - Board STM32H7B3I-DK: unknown feature type=Audio, name=, username=Audio stereo codec with Headphone Amp (CS42L51-CNZ), n=1
2024-08-26 21:40:53,600 [WARN] DbBoardsPdsc:258 - Board STM32H735G-DK: unknown feature type=Audio, name=, username=Audio stereo codec with Headphone Amp (WM8994ECS/R), n=1
2024-08-26 21:40:53,602 [WARN] DbBoardsPdsc:258 - Board STM32H7B3I-EVAL: unknown feature type=Audio, name=, username=Multi-Channel Audio Codec (CS42L51-CNZ), n=1
2024-08-26 21:40:53,602 [WARN] DbBoardsPdsc:258 - Board STM32H7B3I-EVAL: unknown feature type=Meter, name=, username=Power-metering and Temperature-monitoring with sigma-delta modulators, n=1
2024-08-26 21:40:53,602 [WARN] DbBoardsPdsc:258 - Board STM32H7B3I-EVAL: unknown feature type=Motor, name=, username=Motor Control, n=1
2024-08-26 21:40:53,629 [ERROR] DbUtils:114 - File not found: C:\Users\abdel\.stmcufinder\plugins\mcufinder//mcu/boards.json._tmp_
2024-08-26 21:40:53,629 [WARN] DbUtils:163 - success is not a boolean!
2024-08-26 21:40:53,629 [ERROR] DbFile:108 - Temporary file not found: C:\Users\abdel\.stmcufinder\plugins\mcufinder\mcu\boards.json._tmp_
2024-08-26 21:40:53,634 [INFO] DbBoards:117 - Found 152 boards (149 are supported by CubeMX)
2024-08-26 21:40:53,637 [INFO] DbBoardsDocs:145 - JSON generation date=Tue Nov 16 18:17:54 EET 2021 (1637079474)
2024-08-26 21:40:53,644 [ERROR] DbBoardsDocs:83 - No boards documents found !
2024-08-26 21:40:53,649 [INFO] DbBoardsDocs:145 - JSON generation date=Tue Nov 16 18:17:54 EET 2021 (1637079474)
2024-08-26 21:40:53,654 [ERROR] DbBoardsDocs:83 - No boards documents found !
2024-08-26 21:40:53,654 [WARN] DbBoards:127 - board B-G474E-DPOW1 has no document id list !
2024-08-26 21:40:53,654 [WARN] DbBoards:127 - board B-L072Z-LRWAN1 has no document id list !
2024-08-26 21:40:53,654 [WARN] DbBoards:127 - board B-L462E-CELL1 has no document id list !
2024-08-26 21:40:53,654 [WARN] DbBoards:127 - board B-L475E-IOT01A1 has no document id list !
2024-08-26 21:40:53,654 [WARN] DbBoards:127 - board B-L475E-IOT01A2 has no document id list !
2024-08-26 21:40:53,654 [WARN] DbBoards:127 - board B-L4S5I-IOT01A has no document id list !
2024-08-26 21:40:53,654 [WARN] DbBoards:127 - board NUCLEO-F030R8 has no document id list !
2024-08-26 21:40:53,654 [WARN] DbBoards:127 - board NUCLEO-F031K6 has no document id list !
2024-08-26 21:40:53,654 [WARN] DbBoards:127 - board NUCLEO-F042K6 has no document id list !
2024-08-26 21:40:53,654 [WARN] DbBoards:127 - board NUCLEO-F070RB has no document id list !
2024-08-26 21:40:53,654 [WARN] DbBoards:127 - board NUCLEO-F072RB has no document id list !
2024-08-26 21:40:53,658 [WARN] DbBoards:127 - board NUCLEO-F091RC has no document id list !
2024-08-26 21:40:53,658 [WARN] DbBoards:127 - board NUCLEO-F103RB has no document id list !
2024-08-26 21:40:53,658 [WARN] DbBoards:127 - board NUCLEO-F207ZG has no document id list !
2024-08-26 21:40:53,658 [WARN] DbBoards:127 - board NUCLEO-F302R8 has no document id list !
2024-08-26 21:40:53,658 [WARN] DbBoards:127 - board NUCLEO-F303K8 has no document id list !
2024-08-26 21:40:53,658 [WARN] DbBoards:127 - board NUCLEO-F303RE has no document id list !
2024-08-26 21:40:53,658 [WARN] DbBoards:127 - board NUCLEO-F303ZE has no document id list !
2024-08-26 21:40:53,658 [WARN] DbBoards:127 - board NUCLEO-F334R8 has no document id list !
2024-08-26 21:40:53,658 [WARN] DbBoards:127 - board NUCLEO-F401RE has no document id list !
2024-08-26 21:40:53,658 [WARN] DbBoards:127 - board NUCLEO-F410RB has no document id list !
2024-08-26 21:40:53,658 [WARN] DbBoards:127 - board NUCLEO-F411RE has no document id list !
2024-08-26 21:40:53,658 [WARN] DbBoards:127 - board NUCLEO-F412ZG has no document id list !
2024-08-26 21:40:53,658 [WARN] DbBoards:127 - board NUCLEO-F413ZH has no document id list !
2024-08-26 21:40:53,658 [WARN] DbBoards:127 - board NUCLEO-F429ZI has no document id list !
2024-08-26 21:40:53,658 [WARN] DbBoards:127 - board NUCLEO-F439ZI has no document id list !
2024-08-26 21:40:53,658 [WARN] DbBoards:127 - board NUCLEO-F446RE has no document id list !
2024-08-26 21:40:53,658 [WARN] DbBoards:127 - board NUCLEO-F446ZE has no document id list !
2024-08-26 21:40:53,658 [WARN] DbBoards:127 - board NUCLEO-F722ZE has no document id list !
2024-08-26 21:40:53,658 [WARN] DbBoards:127 - board NUCLEO-F746ZG has no document id list !
2024-08-26 21:40:53,658 [WARN] DbBoards:127 - board NUCLEO-F767ZI has no document id list !
2024-08-26 21:40:53,658 [WARN] DbBoards:127 - board NUCLEO-G031K8 has no document id list !
2024-08-26 21:40:53,658 [WARN] DbBoards:127 - board NUCLEO-G070RB has no document id list !
2024-08-26 21:40:53,658 [WARN] DbBoards:127 - board NUCLEO-G071RB has no document id list !
2024-08-26 21:40:53,658 [WARN] DbBoards:127 - board NUCLEO-G431KB has no document id list !
2024-08-26 21:40:53,658 [WARN] DbBoards:127 - board NUCLEO-G431RB has no document id list !
2024-08-26 21:40:53,658 [WARN] DbBoards:127 - board NUCLEO-G474RE has no document id list !
2024-08-26 21:40:53,658 [WARN] DbBoards:127 - board NUCLEO-G491RE has no document id list !
2024-08-26 21:40:53,658 [WARN] DbBoards:127 - board NUCLEO-H723ZG has no document id list !
2024-08-26 21:40:53,658 [WARN] DbBoards:127 - board NUCLEO-H743ZI has no document id list !
2024-08-26 21:40:53,658 [WARN] DbBoards:127 - board NUCLEO-H743ZI2 has no document id list !
2024-08-26 21:40:53,658 [WARN] DbBoards:127 - board NUCLEO-H745ZI-Q has no document id list !
2024-08-26 21:40:53,658 [WARN] DbBoards:127 - board NUCLEO-H753ZI has no document id list !
2024-08-26 21:40:53,658 [WARN] DbBoards:127 - board NUCLEO-H755ZI-Q has no document id list !
2024-08-26 21:40:53,658 [WARN] DbBoards:127 - board NUCLEO-H7A3ZI-Q has no document id list !
2024-08-26 21:40:53,658 [WARN] DbBoards:127 - board NUCLEO-L010RB has no document id list !
2024-08-26 21:40:53,658 [WARN] DbBoards:127 - board NUCLEO-L011K4 has no document id list !
2024-08-26 21:40:53,658 [WARN] DbBoards:127 - board NUCLEO-L031K6 has no document id list !
2024-08-26 21:40:53,658 [WARN] DbBoards:127 - board NUCLEO-L053R8 has no document id list !
2024-08-26 21:40:53,663 [WARN] DbBoards:127 - board NUCLEO-L073RZ has no document id list !
2024-08-26 21:40:53,663 [WARN] DbBoards:127 - board NUCLEO-L152RE has no document id list !
2024-08-26 21:40:53,663 [WARN] DbBoards:127 - board NUCLEO-L412KB has no document id list !
2024-08-26 21:40:53,663 [WARN] DbBoards:127 - board NUCLEO-L412RB-P has no document id list !
2024-08-26 21:40:53,663 [WARN] DbBoards:127 - board NUCLEO-L432KC has no document id list !
2024-08-26 21:40:53,663 [WARN] DbBoards:127 - board NUCLEO-L433RC-P has no document id list !
2024-08-26 21:40:53,663 [WARN] DbBoards:127 - board NUCLEO-L452RE has no document id list !
2024-08-26 21:40:53,663 [WARN] DbBoards:127 - board NUCLEO-L452RE-P has no document id list !
2024-08-26 21:40:53,663 [WARN] DbBoards:127 - board NUCLEO-L476RG has no document id list !
2024-08-26 21:40:53,663 [WARN] DbBoards:127 - board NUCLEO-L496ZG has no document id list !
2024-08-26 21:40:53,663 [WARN] DbBoards:127 - board NUCLEO-L496ZG-P has no document id list !
2024-08-26 21:40:53,663 [WARN] DbBoards:127 - board NUCLEO-L4P5ZG has no document id list !
2024-08-26 21:40:53,663 [WARN] DbBoards:127 - board NUCLEO-L4R5ZI has no document id list !
2024-08-26 21:40:53,663 [WARN] DbBoards:127 - board NUCLEO-L4R5ZI-P has no document id list !
2024-08-26 21:40:53,668 [WARN] DbBoards:127 - board NUCLEO-L552ZE-Q has no document id list !
2024-08-26 21:40:53,668 [WARN] DbBoards:127 - board NUCLEO-WB55RG has no document id list !
2024-08-26 21:40:53,668 [WARN] DbBoards:127 - board P-NUCLEO-WB55 has no document id list !
2024-08-26 21:40:53,668 [WARN] DbBoards:127 - board P-NUCLEO-WB55-Nucleo has no document id list !
2024-08-26 21:40:53,668 [WARN] DbBoards:127 - board P-NUCLEO-WB55-USBDongle has no document id list !
2024-08-26 21:40:53,668 [WARN] DbBoards:127 - board STEVAL-BFA001V1B has no document id list !
2024-08-26 21:40:53,668 [WARN] DbBoards:127 - board STEVAL-BFA001V2B has no document id list !
2024-08-26 21:40:53,668 [WARN] DbBoards:127 - board STEVAL-IDP005V1 has no document id list !
2024-08-26 21:40:53,668 [WARN] DbBoards:127 - board STEVAL-IDP005V2 has no document id list !
2024-08-26 21:40:53,668 [WARN] DbBoards:127 - board STEVAL-MKSBOX1V1 has no document id list !
2024-08-26 21:40:53,668 [WARN] DbBoards:127 - board STEVAL-STWINKT1 has no document id list !
2024-08-26 21:40:53,668 [WARN] DbBoards:127 - board STM32072B-EVAL has no document id list !
2024-08-26 21:40:53,668 [WARN] DbBoards:127 - board STM32091C-EVAL has no document id list !
2024-08-26 21:40:53,668 [WARN] DbBoards:127 - board STM32100E-EVAL has no document id list !
2024-08-26 21:40:53,668 [WARN] DbBoards:127 - board STM3210C-EVAL has no document id list !
2024-08-26 21:40:53,668 [WARN] DbBoards:127 - board STM3210E-EVAL has no document id list !
2024-08-26 21:40:53,668 [WARN] DbBoards:127 - board STM3220G-EVAL has no document id list !
2024-08-26 21:40:53,668 [WARN] DbBoards:127 - board STM3221G-EVAL has no document id list !
2024-08-26 21:40:53,668 [WARN] DbBoards:127 - board STM32303C-EVAL has no document id list !
2024-08-26 21:40:53,668 [WARN] DbBoards:127 - board STM32303E-EVAL has no document id list !
2024-08-26 21:40:53,668 [WARN] DbBoards:127 - board STM32373C-EVAL has no document id list !
2024-08-26 21:40:53,668 [WARN] DbBoards:127 - board STM3240G-EVAL has no document id list !
2024-08-26 21:40:53,668 [WARN] DbBoards:127 - board STM3241G-EVAL has no document id list !
2024-08-26 21:40:53,668 [WARN] DbBoards:127 - board STM32429I-EVAL1 has no document id list !
2024-08-26 21:40:53,668 [WARN] DbBoards:127 - board STM32439I-EVAL2 has no document id list !
2024-08-26 21:40:53,668 [WARN] DbBoards:127 - board STM32446E-EVAL has no document id list !
2024-08-26 21:40:53,668 [WARN] DbBoards:127 - board STM32469I-EVAL has no document id list !
2024-08-26 21:40:53,668 [WARN] DbBoards:127 - board STM32479I-EVAL has no document id list !
2024-08-26 21:40:53,668 [WARN] DbBoards:127 - board STM32746G-EVAL2 has no document id list !
2024-08-26 21:40:53,673 [WARN] DbBoards:127 - board STM32756G-EVAL2 has no document id list !
2024-08-26 21:40:53,673 [WARN] DbBoards:127 - board STM32F0308-DISCO has no document id list !
2024-08-26 21:40:53,673 [WARN] DbBoards:127 - board STM32F072B-DISCO has no document id list !
2024-08-26 21:40:53,673 [WARN] DbBoards:127 - board STM32F0DISCOVERY has no document id list !
2024-08-26 21:40:53,673 [WARN] DbBoards:127 - board STM32F3348-DISCO has no document id list !
2024-08-26 21:40:53,673 [WARN] DbBoards:127 - board STM32F3DISCOVERY has no document id list !
2024-08-26 21:40:53,673 [WARN] DbBoards:127 - board STM32F401C-DISCO has no document id list !
2024-08-26 21:40:53,673 [WARN] DbBoards:127 - board STM32F407G-DISC1 has no document id list !
2024-08-26 21:40:53,673 [WARN] DbBoards:127 - board STM32F411E-DISCO has no document id list !
2024-08-26 21:40:53,673 [WARN] DbBoards:127 - board STM32F412G-DISCO has no document id list !
2024-08-26 21:40:53,673 [WARN] DbBoards:127 - board STM32F413H-DISCO has no document id list !
2024-08-26 21:40:53,673 [WARN] DbBoards:127 - board STM32F429I-DISC1 has no document id list !
2024-08-26 21:40:53,673 [WARN] DbBoards:127 - board STM32F469I-DISCO has no document id list !
2024-08-26 21:40:53,673 [WARN] DbBoards:127 - board STM32F723E-DISCO has no document id list !
2024-08-26 21:40:53,673 [WARN] DbBoards:127 - board STM32F7308-DK has no document id list !
2024-08-26 21:40:53,673 [WARN] DbBoards:127 - board STM32F746G-DISCO has no document id list !
2024-08-26 21:40:53,673 [WARN] DbBoards:127 - board STM32F7508-DK has no document id list !
2024-08-26 21:40:53,673 [WARN] DbBoards:127 - board STM32F769I-DISC1 has no document id list !
2024-08-26 21:40:53,673 [WARN] DbBoards:127 - board STM32F769I-DISCO has no document id list !
2024-08-26 21:40:53,673 [WARN] DbBoards:127 - board STM32F769I-EVAL has no document id list !
2024-08-26 21:40:53,673 [WARN] DbBoards:127 - board STM32F779I-EVAL has no document id list !
2024-08-26 21:40:53,673 [WARN] DbBoards:127 - board STM32G0316-DISCO has no document id list !
2024-08-26 21:40:53,673 [WARN] DbBoards:127 - board STM32G071B-DISCO has no document id list !
2024-08-26 21:40:53,673 [WARN] DbBoards:127 - board STM32G081B-EVAL has no document id list !
2024-08-26 21:40:53,673 [WARN] DbBoards:127 - board STM32G474E-EVAL has no document id list !
2024-08-26 21:40:53,673 [WARN] DbBoards:127 - board STM32G474E-EVAL1 has no document id list !
2024-08-26 21:40:53,673 [WARN] DbBoards:127 - board STM32G484E-EVAL has no document id list !
2024-08-26 21:40:53,673 [WARN] DbBoards:127 - board STM32H735G-DK has no document id list !
2024-08-26 21:40:53,678 [WARN] DbBoards:127 - board STM32H743I-EVAL has no document id list !
2024-08-26 21:40:53,678 [WARN] DbBoards:127 - board STM32H743I-EVAL2 has no document id list !
2024-08-26 21:40:53,678 [WARN] DbBoards:127 - board STM32H745I-DISCO has no document id list !
2024-08-26 21:40:53,678 [WARN] DbBoards:127 - board STM32H747I-DISC1 has no document id list !
2024-08-26 21:40:53,678 [WARN] DbBoards:127 - board STM32H747I-DISCO has no document id list !
2024-08-26 21:40:53,678 [WARN] DbBoards:127 - board STM32H747I-EVAL has no document id list !
2024-08-26 21:40:53,678 [WARN] DbBoards:127 - board STM32H750B-DK has no document id list !
2024-08-26 21:40:53,678 [WARN] DbBoards:127 - board STM32H753I-EVAL has no document id list !
2024-08-26 21:40:53,678 [WARN] DbBoards:127 - board STM32H753I-EVAL2 has no document id list !
2024-08-26 21:40:53,678 [WARN] DbBoards:127 - board STM32H757I-EVAL has no document id list !
2024-08-26 21:40:53,678 [WARN] DbBoards:127 - board STM32H7B3I-DK has no document id list !
2024-08-26 21:40:53,678 [WARN] DbBoards:127 - board STM32H7B3I-EVAL has no document id list !
2024-08-26 21:40:53,678 [WARN] DbBoards:127 - board STM32L-DISCOVERY has no document id list !
2024-08-26 21:40:53,678 [WARN] DbBoards:127 - board STM32L0538-DISCO has no document id list !
2024-08-26 21:40:53,678 [WARN] DbBoards:127 - board STM32L073Z-EVAL has no document id list !
2024-08-26 21:40:53,678 [WARN] DbBoards:127 - board STM32L100C-DISCO has no document id list !
2024-08-26 21:40:53,678 [WARN] DbBoards:127 - board STM32L152C-DISCO has no document id list !
2024-08-26 21:40:53,678 [WARN] DbBoards:127 - board STM32L152D-EVAL has no document id list !
2024-08-26 21:40:53,678 [WARN] DbBoards:127 - board STM32L476G-DISCO has no document id list !
2024-08-26 21:40:53,678 [WARN] DbBoards:127 - board STM32L476G-EVAL has no document id list !
2024-08-26 21:40:53,678 [WARN] DbBoards:127 - board STM32L496G-DISCO has no document id list !
2024-08-26 21:40:53,678 [WARN] DbBoards:127 - board STM32L4P5G-DK has no document id list !
2024-08-26 21:40:53,678 [WARN] DbBoards:127 - board STM32L4R9I-DISCO has no document id list !
2024-08-26 21:40:53,678 [WARN] DbBoards:127 - board STM32L4R9I-EVAL has no document id list !
2024-08-26 21:40:53,678 [WARN] DbBoards:127 - board STM32L552E-EV has no document id list !
2024-08-26 21:40:53,678 [WARN] DbBoards:127 - board STM32L562E-DK has no document id list !
2024-08-26 21:40:53,678 [WARN] DbBoards:127 - board STM32MP157A-DK1 has no document id list !
2024-08-26 21:40:53,678 [WARN] DbBoards:127 - board STM32MP157A-EV1 has no document id list !
2024-08-26 21:40:53,678 [WARN] DbBoards:127 - board STM32MP157C-DK2 has no document id list !
2024-08-26 21:40:53,678 [WARN] DbBoards:127 - board STM32MP157C-EV1 has no document id list !
2024-08-26 21:40:53,678 [WARN] DbBoards:127 - board STM32MP157F-EV1 has no document id list !
2024-08-26 21:40:53,678 [WARN] DbBoards:127 - board STM32VLDISCOVERY has no document id list !
2024-08-26 21:40:53,885 [ERROR] DbBoards:192 - No image file URL for board B-L462E-CELL1
2024-08-26 21:40:54,393 [INFO] ThirdPartyDb:299 - Save Third Party DataBase File (C:/Users/abdel/.stm32cubemx/plugins/thirdparty/db/thirdparties_db.xml) [forced]
2024-08-26 21:40:54,513 [INFO] ThirdPartyDb:299 - Save Third Party DataBase File (C:/Users/abdel/.stm32cubemx/plugins/thirdparty/db/thirdparties_db.xml) [forced]
2024-08-26 21:40:54,615 [INFO] IntegrityCheckThread:76 - exiting critical section [integrity check]
2024-08-26 21:40:54,615 [INFO] IntegrityCheckThread:79 - End integrity checks thread
2024-08-26 21:40:55,846 [INFO] ApiDb:201 - Load user favorites file C:\Users\abdel/.stm32cubemx/favorites.boards.txt: 0 item(s)
2024-08-26 21:40:55,846 [INFO] ApiDb:205 - User favorites Boards=[]
2024-08-26 21:40:55,846 [INFO] DbBoards:206 - Set 0 / 0 favorites Boards
2024-08-26 21:40:55,846 [ERROR] DbBoardsDocs:83 - No boards documents found !
2024-08-26 21:40:55,846 [INFO] ApiDb:226 - Save user favorites file C:\Users\abdel/.stm32cubemx/favorites.boards.txt: 0 item(s)
2024-08-26 21:40:55,846 [INFO] ApiDb:230 - User favorites Boards=[]
2024-08-26 21:40:55,854 [INFO] DbBoardsPdsc:94 - Found 23 items
2024-08-26 21:40:55,854 [INFO] DbBoardsPdsc:94 - Found 9 items
2024-08-26 21:40:55,859 [INFO] DbBoardsPdsc:94 - Found 29 items
2024-08-26 21:40:55,859 [INFO] DbBoardsPdsc:94 - Found 1 items
2024-08-26 21:40:55,864 [INFO] DbBoardsPdsc:94 - Found 44 items
2024-08-26 21:40:55,869 [INFO] DbBoardsPdsc:94 - Found 40 items
2024-08-26 21:40:55,869 [INFO] DbBoardsPdsc:94 - Found 2 items
2024-08-26 21:40:55,869 [INFO] DbBoardsPdsc:94 - Found 4 items
2024-08-26 21:40:55,874 [WARN] DbBoardsPdsc:258 - Board STM32H7B3I-DK: unknown feature type=Audio, name=, username=Audio stereo codec with Headphone Amp (CS42L51-CNZ), n=1
2024-08-26 21:40:55,874 [WARN] DbBoardsPdsc:258 - Board STM32H735G-DK: unknown feature type=Audio, name=, username=Audio stereo codec with Headphone Amp (WM8994ECS/R), n=1
2024-08-26 21:40:55,874 [WARN] DbBoardsPdsc:258 - Board STM32H7B3I-EVAL: unknown feature type=Audio, name=, username=Multi-Channel Audio Codec (CS42L51-CNZ), n=1
2024-08-26 21:40:55,874 [WARN] DbBoardsPdsc:258 - Board STM32H7B3I-EVAL: unknown feature type=Meter, name=, username=Power-metering and Temperature-monitoring with sigma-delta modulators, n=1
2024-08-26 21:40:55,874 [WARN] DbBoardsPdsc:258 - Board STM32H7B3I-EVAL: unknown feature type=Motor, name=, username=Motor Control, n=1
2024-08-26 21:40:55,923 [INFO] DbBoardsJson:85 - JSON generation date=Tue Nov 16 18:17:54 EET 2021 (1637079474)
2024-08-26 21:40:55,939 [INFO] DbBoards:117 - Found 166 boards (149 are supported by CubeMX)
2024-08-26 21:40:55,939 [INFO] DbBoardsDocs:145 - JSON generation date=Tue Nov 16 18:17:54 EET 2021 (1637079474)
2024-08-26 21:40:55,944 [INFO] DbBoardsDocs:81 - Found 209 boards documents
2024-08-26 21:40:55,944 [WARN] DbBoards:127 - board B-L475E-IOT01A2 has no document id list !
2024-08-26 21:40:55,949 [WARN] DbBoards:127 - board NUCLEO-H743ZI has no document id list !
2024-08-26 21:40:55,953 [WARN] DbBoards:127 - board P-NUCLEO-WB55-Nucleo has no document id list !
2024-08-26 21:40:55,953 [WARN] DbBoards:127 - board P-NUCLEO-WB55-USBDongle has no document id list !
2024-08-26 21:40:55,953 [WARN] DbBoards:127 - board STEVAL-BFA001V1B has no document id list !
2024-08-26 21:40:55,953 [WARN] DbBoards:127 - board STEVAL-BFA001V2B has no document id list !
2024-08-26 21:40:55,953 [WARN] DbBoards:127 - board STEVAL-IDP005V1 has no document id list !
2024-08-26 21:40:55,953 [WARN] DbBoards:127 - board STEVAL-IDP005V2 has no document id list !
2024-08-26 21:40:55,953 [WARN] DbBoards:127 - board STEVAL-MKSBOX1V1 has no document id list !
2024-08-26 21:40:55,953 [WARN] DbBoards:127 - board STEVAL-STWINKT1 has no document id list !
2024-08-26 21:40:55,953 [WARN] DbBoards:127 - board STEVAL-STWINKT1B has no document id list !
2024-08-26 21:40:55,953 [WARN] DbBoards:127 - board STM32439I-EVAL2 has no document id list !
2024-08-26 21:40:55,958 [WARN] DbBoards:127 - board STM32F401C-DISCO has no document id list !
2024-08-26 21:40:55,958 [WARN] DbBoards:127 - board STM32F769I-DISC1 has no document id list !
2024-08-26 21:40:55,958 [WARN] DbBoards:127 - board STM32G474E-EVAL1 has no document id list !
2024-08-26 21:40:55,958 [WARN] DbBoards:127 - board STM32H743I-EVAL2 has no document id list !
2024-08-26 21:40:55,958 [WARN] DbBoards:127 - board STM32H747I-DISC1 has no document id list !
2024-08-26 21:40:55,963 [WARN] DbBoards:127 - board STM32H753I-EVAL2 has no document id list !
2024-08-26 21:40:55,963 [WARN] DbBoards:127 - board STM32L-DISCOVERY has no document id list !
2024-08-26 21:40:56,018 [ERROR] DbBoards:189 - Image file not found for board B-L462E-CELL1: C:\ST\STM32CubeIDE_1.4.0\STM32CubeIDE\plugins\com.st.stm32cube.common.mx_6.0.0.202007160824\\db\/plugins/mcufinder/images/boards/B-L462E-CELL1_small.jpg
2024-08-26 21:40:56,054 [ERROR] DbBoards:189 - Image file not found for board B-U585I-IOT02A: C:\ST\STM32CubeIDE_1.4.0\STM32CubeIDE\plugins\com.st.stm32cube.common.mx_6.0.0.202007160824\\db\/plugins/mcufinder/images/boards/B-U585I-IOT02A_small.jpg
2024-08-26 21:40:56,124 [ERROR] DbBoards:189 - Image file not found for board NUCLEO-F413ZH: C:\ST\STM32CubeIDE_1.4.0\STM32CubeIDE\plugins\com.st.stm32cube.common.mx_6.0.0.202007160824\\db\/plugins/mcufinder/images/boards/nucleo-f413zh_small.jpg
2024-08-26 21:40:56,274 [ERROR] DbBoards:189 - Image file not found for board NUCLEO-L552ZE-Q: C:\ST\STM32CubeIDE_1.4.0\STM32CubeIDE\plugins\com.st.stm32cube.common.mx_6.0.0.202007160824\\db\/plugins/mcufinder/images/boards/nucleo_l552ze_q_small.jpg
2024-08-26 21:40:56,274 [ERROR] DbBoards:189 - Image file not found for board NUCLEO-U575ZI-Q: C:\ST\STM32CubeIDE_1.4.0\STM32CubeIDE\plugins\com.st.stm32cube.common.mx_6.0.0.202007160824\\db\/plugins/mcufinder/images/boards/nucleo-u575zi-q_small.jpg
2024-08-26 21:40:56,274 [ERROR] DbBoards:189 - Image file not found for board NUCLEO-WB15CC: C:\ST\STM32CubeIDE_1.4.0\STM32CubeIDE\plugins\com.st.stm32cube.common.mx_6.0.0.202007160824\\db\/plugins/mcufinder/images/boards/nucleo-wb15cc_small.jpg
2024-08-26 21:40:56,274 [ERROR] DbBoards:189 - Image file not found for board NUCLEO-WB55RG: C:\ST\STM32CubeIDE_1.4.0\STM32CubeIDE\plugins\com.st.stm32cube.common.mx_6.0.0.202007160824\\db\/plugins/mcufinder/images/boards/nucleo-wb55rg_small.jpg
2024-08-26 21:40:56,274 [ERROR] DbBoards:189 - Image file not found for board NUCLEO-WL55JC: C:\ST\STM32CubeIDE_1.4.0\STM32CubeIDE\plugins\com.st.stm32cube.common.mx_6.0.0.202007160824\\db\/plugins/mcufinder/images/boards/nucleo-wl55jc-small.jpg
2024-08-26 21:40:56,419 [ERROR] DbBoards:189 - Image file not found for board STEVAL-STWINKT1B: C:\ST\STM32CubeIDE_1.4.0\STM32CubeIDE\plugins\com.st.stm32cube.common.mx_6.0.0.202007160824\\db\/plugins/mcufinder/images/boards/steval-stwinkt1b_small.jpg
2024-08-26 21:40:56,695 [ERROR] DbBoards:189 - Image file not found for board STM32G0C1E-EV: C:\ST\STM32CubeIDE_1.4.0\STM32CubeIDE\plugins\com.st.stm32cube.common.mx_6.0.0.202007160824\\db\/plugins/mcufinder/images/boards/stm32g0c1e-eval_small.jpg
2024-08-26 21:40:56,766 [ERROR] DbBoards:189 - Image file not found for board STM32H7B3I-EVAL: C:\ST\STM32CubeIDE_1.4.0\STM32CubeIDE\plugins\com.st.stm32cube.common.mx_6.0.0.202007160824\\db\/plugins/mcufinder/images/boards/stm32h7b3ieval_small.jpg
2024-08-26 21:40:56,884 [ERROR] DbBoards:189 - Image file not found for board STM32U575I-EV: C:\ST\STM32CubeIDE_1.4.0\STM32CubeIDE\plugins\com.st.stm32cube.common.mx_6.0.0.202007160824\\db\/plugins/mcufinder/images/boards/stm32u575i-ev_small.jpg
2024-08-26 21:40:56,910 [ERROR] DbBoards:189 - Image file not found for board STM32WB5MM-DK: C:\ST\STM32CubeIDE_1.4.0\STM32CubeIDE\plugins\com.st.stm32cube.common.mx_6.0.0.202007160824\\db\/plugins/mcufinder/images/boards/STM32WB5MM-DK_small.jpg
2024-08-26 21:40:56,910 [INFO] ApiDb:201 - Load user favorites file C:\Users\abdel/.stm32cubemx/favorites.boards.txt: 0 item(s)
2024-08-26 21:40:56,910 [INFO] ApiDb:205 - User favorites Boards=[]
2024-08-26 21:40:56,910 [INFO] DbBoards:206 - Set 0 / 0 favorites Boards
2024-08-26 21:40:57,299 [INFO] McuFinderGlobals:40 - Set McuFinder mode to 2 (CubeIDE integrated)
2024-08-26 21:40:59,814 [INFO] CrossSelectorPresenter:1330 - Cross Selector saved comparison directory: C:\Users\abdel\.stmcufinder\plugins\mcufinder\mcu\cs_comparisons_mx
2024-08-26 21:40:59,824 [INFO] MultiScanPanel:193 - Auto-refresh data requested => check proxy status ongoing
2024-08-26 21:40:59,828 [INFO] FinderPluginLoader:87 - Searching for filters in installed packs
2024-08-26 21:41:00,481 [INFO] LoadUrlFilesThread:162 - End of LoadServerUrlFiles without Thread
2024-08-26 21:41:00,509 [INFO] DetailPanel:331 - Set advertising image to C:/Users/abdel/STM32Cube/Repository/\stm32cubemx-promo_image.jpg
2024-08-26 21:41:01,314 [INFO] ServerAccessManage:348 - Download File mcusDocs.json._tmp_
2024-08-26 21:41:01,505 [INFO] LoadUrlFilesThread:135 - End of LoadUrlFiles Thread
2024-08-26 21:41:01,631 [INFO] ServerAccessManage:348 - Download File mcusFeaturesAndDescription.json._tmp_
2024-08-26 21:41:03,377 [ERROR] ServerAccessManage:517 - User Cancel Download : mcusFeaturesAndDescription.json._tmp_.
2024-08-26 21:41:03,408 [ERROR] WebUtils:615 - Updater is busy
2024-08-26 21:41:03,408 [INFO] LoadUrlFilesThread:135 - End of LoadUrlFiles Thread
2024-08-26 21:41:03,664 [INFO] ServerAccessManage:348 - Download File boards.json._tmp_
2024-08-26 21:41:04,007 [INFO] LoadUrlFilesThread:135 - End of LoadUrlFiles Thread
2024-08-26 21:41:04,489 [INFO] ServerAccessManage:348 - Download File cube-finder-db.zip
2024-08-26 21:41:05,157 [ERROR] ServerAccessManage:517 - User Cancel Download : cube-finder-db.zip.
2024-08-26 21:41:05,184 [INFO] LoadUrlFilesThread:135 - End of LoadUrlFiles Thread
2024-08-26 21:41:05,723 [INFO] ServerAccessManage:348 - Download File crdb.zip
2024-08-26 21:41:05,996 [ERROR] WebUtils:615 - Updater is busy
2024-08-26 21:41:06,033 [ERROR] ServerAccessManage:517 - User Cancel Download : crdb.zip.
2024-08-26 21:41:06,037 [INFO] LoadUrlFilesThread:135 - End of LoadUrlFiles Thread
2024-08-26 21:41:06,045 [INFO] DbMcusDocs:145 - JSON generation date=Tue Nov 16 18:17:54 EET 2021 (1637079474)
2024-08-26 21:41:06,304 [INFO] DbMcusDocs:81 - Found 682 MCUs documents
2024-08-26 21:41:06,313 [INFO] ApiDb:226 - Save user favorites file C:\Users\abdel/.stm32cubeide/favorites.mcus.txt: 0 item(s)
2024-08-26 21:41:06,313 [INFO] ApiDb:230 - User favorites MCUs=[]
2024-08-26 21:41:06,313 [INFO] DbMcusXml:100 - Load MCU database from C:\ST\STM32CubeIDE_1.4.0\STM32CubeIDE\plugins\com.st.stm32cube.common.mx_6.0.0.202007160824\\db\/mcu/families.xml
2024-08-26 21:41:06,533 [ERROR] DbUtils:114 - File not found: C:\Users\abdel\.stmcufinder\plugins\mcufinder//mcu/mcusFeaturesAndDescription.json._tmp_
2024-08-26 21:41:06,533 [WARN] DbUtils:163 - success is not a boolean!
2024-08-26 21:41:06,533 [ERROR] DbFile:108 - Temporary file not found: C:\Users\abdel\.stmcufinder\plugins\mcufinder\mcu\mcusFeaturesAndDescription.json._tmp_
2024-08-26 21:41:06,541 [INFO] DbMcus:175 - Found 1761 MCUs (1722 are supported by CubeMX, 1722 are visible in CubeMX)
2024-08-26 21:41:06,541 [INFO] ApiDb:201 - Load user favorites file C:\Users\abdel/.stm32cubeide/favorites.mcus.txt: 0 item(s)
2024-08-26 21:41:06,541 [INFO] ApiDb:205 - User favorites MCUs=[]
2024-08-26 21:41:06,541 [INFO] DbMcus:187 - Set 0 / 0 favorites MCUs
2024-08-26 21:41:06,643 [INFO] McuFilterPanel:245 - Update 0 favorites MCUs
2024-08-26 21:41:07,225 [ERROR] DbUtils:114 - File not found: C:\Users\abdel\.stmcufinder\plugins\mcufinder//mcu/boardsDocs.json._tmp_
2024-08-26 21:41:07,225 [WARN] DbUtils:163 - success is not a boolean!
2024-08-26 21:41:07,225 [ERROR] DbBoardsDocs:83 - No boards documents found !
2024-08-26 21:41:07,225 [ERROR] DbFile:108 - Temporary file not found: C:\Users\abdel\.stmcufinder\plugins\mcufinder\mcu\boardsDocs.json._tmp_
2024-08-26 21:41:07,231 [INFO] DbBoardsDocs:145 - JSON generation date=Tue Nov 16 18:17:54 EET 2021 (1637079474)
2024-08-26 21:41:07,237 [INFO] DbBoardsDocs:81 - Found 209 boards documents
2024-08-26 21:41:07,237 [INFO] ApiDb:226 - Save user favorites file C:\Users\abdel/.stm32cubeide/favorites.boards.txt: 0 item(s)
2024-08-26 21:41:07,237 [INFO] ApiDb:230 - User favorites Boards=[]
2024-08-26 21:41:07,243 [INFO] DbBoardsPdsc:94 - Found 23 items
2024-08-26 21:41:07,246 [INFO] DbBoardsPdsc:94 - Found 9 items
2024-08-26 21:41:07,250 [INFO] DbBoardsPdsc:94 - Found 29 items
2024-08-26 21:41:07,254 [INFO] DbBoardsPdsc:94 - Found 1 items
2024-08-26 21:41:07,259 [INFO] DbBoardsPdsc:94 - Found 44 items
2024-08-26 21:41:07,272 [INFO] DbBoardsPdsc:94 - Found 40 items
2024-08-26 21:41:07,273 [INFO] DbBoardsPdsc:94 - Found 2 items
2024-08-26 21:41:07,273 [INFO] DbBoardsPdsc:94 - Found 4 items
2024-08-26 21:41:07,311 [WARN] DbBoardsPdsc:258 - Board STM32H7B3I-DK: unknown feature type=Audio, name=, username=Audio stereo codec with Headphone Amp (CS42L51-CNZ), n=1
2024-08-26 21:41:07,311 [WARN] DbBoardsPdsc:258 - Board STM32H735G-DK: unknown feature type=Audio, name=, username=Audio stereo codec with Headphone Amp (WM8994ECS/R), n=1
2024-08-26 21:41:07,313 [WARN] DbBoardsPdsc:258 - Board STM32H7B3I-EVAL: unknown feature type=Audio, name=, username=Multi-Channel Audio Codec (CS42L51-CNZ), n=1
2024-08-26 21:41:07,315 [WARN] DbBoardsPdsc:258 - Board STM32H7B3I-EVAL: unknown feature type=Meter, name=, username=Power-metering and Temperature-monitoring with sigma-delta modulators, n=1
2024-08-26 21:41:07,315 [WARN] DbBoardsPdsc:258 - Board STM32H7B3I-EVAL: unknown feature type=Motor, name=, username=Motor Control, n=1
2024-08-26 21:41:07,368 [INFO] DbBoardsJson:85 - JSON generation date=Tue Nov 16 18:17:54 EET 2021 (1637079474)
2024-08-26 21:41:07,381 [INFO] DbBoards:117 - Found 166 boards (149 are supported by CubeMX)
2024-08-26 21:41:07,383 [WARN] DbBoards:127 - board B-L475E-IOT01A2 has no document id list !
2024-08-26 21:41:07,383 [WARN] DbBoards:127 - board NUCLEO-H743ZI has no document id list !
2024-08-26 21:41:07,383 [WARN] DbBoards:127 - board P-NUCLEO-WB55-Nucleo has no document id list !
2024-08-26 21:41:07,383 [WARN] DbBoards:127 - board P-NUCLEO-WB55-USBDongle has no document id list !
2024-08-26 21:41:07,385 [WARN] DbBoards:127 - board STEVAL-BFA001V1B has no document id list !
2024-08-26 21:41:07,385 [WARN] DbBoards:127 - board STEVAL-BFA001V2B has no document id list !
2024-08-26 21:41:07,386 [WARN] DbBoards:127 - board STEVAL-IDP005V1 has no document id list !
2024-08-26 21:41:07,386 [WARN] DbBoards:127 - board STEVAL-IDP005V2 has no document id list !
2024-08-26 21:41:07,386 [WARN] DbBoards:127 - board STEVAL-MKSBOX1V1 has no document id list !
2024-08-26 21:41:07,386 [WARN] DbBoards:127 - board STEVAL-STWINKT1 has no document id list !
2024-08-26 21:41:07,386 [WARN] DbBoards:127 - board STEVAL-STWINKT1B has no document id list !
2024-08-26 21:41:07,387 [WARN] DbBoards:127 - board STM32439I-EVAL2 has no document id list !
2024-08-26 21:41:07,387 [WARN] DbBoards:127 - board STM32F401C-DISCO has no document id list !
2024-08-26 21:41:07,387 [WARN] DbBoards:127 - board STM32F769I-DISC1 has no document id list !
2024-08-26 21:41:07,388 [WARN] DbBoards:127 - board STM32G474E-EVAL1 has no document id list !
2024-08-26 21:41:07,388 [WARN] DbBoards:127 - board STM32H743I-EVAL2 has no document id list !
2024-08-26 21:41:07,388 [WARN] DbBoards:127 - board STM32H747I-DISC1 has no document id list !
2024-08-26 21:41:07,388 [WARN] DbBoards:127 - board STM32H753I-EVAL2 has no document id list !
2024-08-26 21:41:07,388 [WARN] DbBoards:127 - board STM32L-DISCOVERY has no document id list !
2024-08-26 21:41:07,457 [ERROR] DbBoards:189 - Image file not found for board B-L462E-CELL1: C:\ST\STM32CubeIDE_1.4.0\STM32CubeIDE\plugins\com.st.stm32cube.common.mx_6.0.0.202007160824\\db\/plugins/mcufinder/images/boards/B-L462E-CELL1_small.jpg
2024-08-26 21:41:07,543 [ERROR] DbBoards:189 - Image file not found for board B-U585I-IOT02A: C:\ST\STM32CubeIDE_1.4.0\STM32CubeIDE\plugins\com.st.stm32cube.common.mx_6.0.0.202007160824\\db\/plugins/mcufinder/images/boards/B-U585I-IOT02A_small.jpg
2024-08-26 21:41:07,686 [ERROR] DbBoards:189 - Image file not found for board NUCLEO-F413ZH: C:\ST\STM32CubeIDE_1.4.0\STM32CubeIDE\plugins\com.st.stm32cube.common.mx_6.0.0.202007160824\\db\/plugins/mcufinder/images/boards/nucleo-f413zh_small.jpg
2024-08-26 21:41:07,966 [ERROR] DbBoards:189 - Image file not found for board NUCLEO-L552ZE-Q: C:\ST\STM32CubeIDE_1.4.0\STM32CubeIDE\plugins\com.st.stm32cube.common.mx_6.0.0.202007160824\\db\/plugins/mcufinder/images/boards/nucleo_l552ze_q_small.jpg
2024-08-26 21:41:07,966 [ERROR] DbBoards:189 - Image file not found for board NUCLEO-U575ZI-Q: C:\ST\STM32CubeIDE_1.4.0\STM32CubeIDE\plugins\com.st.stm32cube.common.mx_6.0.0.202007160824\\db\/plugins/mcufinder/images/boards/nucleo-u575zi-q_small.jpg
2024-08-26 21:41:07,966 [ERROR] DbBoards:189 - Image file not found for board NUCLEO-WB15CC: C:\ST\STM32CubeIDE_1.4.0\STM32CubeIDE\plugins\com.st.stm32cube.common.mx_6.0.0.202007160824\\db\/plugins/mcufinder/images/boards/nucleo-wb15cc_small.jpg
2024-08-26 21:41:07,966 [ERROR] DbBoards:189 - Image file not found for board NUCLEO-WB55RG: C:\ST\STM32CubeIDE_1.4.0\STM32CubeIDE\plugins\com.st.stm32cube.common.mx_6.0.0.202007160824\\db\/plugins/mcufinder/images/boards/nucleo-wb55rg_small.jpg
2024-08-26 21:41:07,969 [ERROR] DbBoards:189 - Image file not found for board NUCLEO-WL55JC: C:\ST\STM32CubeIDE_1.4.0\STM32CubeIDE\plugins\com.st.stm32cube.common.mx_6.0.0.202007160824\\db\/plugins/mcufinder/images/boards/nucleo-wl55jc-small.jpg
2024-08-26 21:41:08,154 [ERROR] DbBoards:189 - Image file not found for board STEVAL-STWINKT1B: C:\ST\STM32CubeIDE_1.4.0\STM32CubeIDE\plugins\com.st.stm32cube.common.mx_6.0.0.202007160824\\db\/plugins/mcufinder/images/boards/steval-stwinkt1b_small.jpg
2024-08-26 21:41:08,551 [ERROR] DbBoards:189 - Image file not found for board STM32G0C1E-EV: C:\ST\STM32CubeIDE_1.4.0\STM32CubeIDE\plugins\com.st.stm32cube.common.mx_6.0.0.202007160824\\db\/plugins/mcufinder/images/boards/stm32g0c1e-eval_small.jpg
2024-08-26 21:41:08,666 [ERROR] DbBoards:189 - Image file not found for board STM32H7B3I-EVAL: C:\ST\STM32CubeIDE_1.4.0\STM32CubeIDE\plugins\com.st.stm32cube.common.mx_6.0.0.202007160824\\db\/plugins/mcufinder/images/boards/stm32h7b3ieval_small.jpg
2024-08-26 21:41:08,839 [ERROR] DbBoards:189 - Image file not found for board STM32U575I-EV: C:\ST\STM32CubeIDE_1.4.0\STM32CubeIDE\plugins\com.st.stm32cube.common.mx_6.0.0.202007160824\\db\/plugins/mcufinder/images/boards/stm32u575i-ev_small.jpg
2024-08-26 21:41:08,863 [ERROR] DbBoards:189 - Image file not found for board STM32WB5MM-DK: C:\ST\STM32CubeIDE_1.4.0\STM32CubeIDE\plugins\com.st.stm32cube.common.mx_6.0.0.202007160824\\db\/plugins/mcufinder/images/boards/STM32WB5MM-DK_small.jpg
2024-08-26 21:41:08,863 [INFO] ApiDb:201 - Load user favorites file C:\Users\abdel/.stm32cubeide/favorites.boards.txt: 0 item(s)
2024-08-26 21:41:08,867 [INFO] ApiDb:205 - User favorites Boards=[]
2024-08-26 21:41:08,868 [INFO] DbBoards:206 - Set 0 / 0 favorites Boards
2024-08-26 21:41:09,116 [ERROR] MultiScanPanel:793 - Unable to refresh data
2024-08-26 21:41:09,116 [INFO] McuFilterPanel:245 - Update 0 favorites MCUs
2024-08-26 21:41:33,109 [INFO] LogOutputStream:76 - [STDOUT_REDIRECT] withoutVersionV1.8.4
2024-08-26 21:41:33,109 [INFO] LogOutputStream:76 - [STDOUT_REDIRECT] withoutVersionV1.8.3
2024-08-26 21:41:33,114 [INFO] LogOutputStream:76 - [STDOUT_REDIRECT] withoutVersionV1.8.2
2024-08-26 21:41:33,114 [INFO] LogOutputStream:76 - [STDOUT_REDIRECT] withoutVersionV1.8.1
2024-08-26 21:41:33,115 [INFO] LogOutputStream:76 - [STDOUT_REDIRECT] withoutVersionV1.8.0
2024-08-26 21:41:40,492 [INFO] ApiDb:226 - Save user favorites file C:\Users\abdel/.stm32cubeide/favorites.mcus.txt: 0 item(s)
2024-08-26 21:41:40,492 [INFO] ApiDb:230 - User favorites MCUs=[]
2024-08-28 21:51:59,009 [INFO] Activator:178 - 


2024-08-28 21:51:59,018 [INFO] Activator:179 - !SESSION log4j initialized
2024-08-28 21:54:39,646 [INFO] RetryExec:97 - I/O exception (java.net.SocketException) caught when processing request to {}->http://sw-center.st.com:80: Connection reset
2024-08-28 21:54:39,651 [INFO] RetryExec:113 - Retrying request to {}->http://sw-center.st.com:80
2024-08-29 05:10:37,555 [INFO] Activator:178 - 


2024-08-29 05:10:37,561 [INFO] Activator:179 - !SESSION log4j initialized
2024-08-31 20:01:19,557 [INFO] Activator:178 - 


2024-08-31 20:01:19,564 [INFO] Activator:179 - !SESSION log4j initialized
