20:29:05 **** Incremental Build of configuration Debug for project CASE_CASE1 ****
make -j8 all 
arm-none-eabi-gcc "../Core/Src/main.c" -mcpu=cortex-m3 -std=gnu11 -g3 -DUSE_HAL_DRIVER -DSTM32F103x6 -DDEBUG -c -I../Core/Inc -I../Drivers/STM32F1xx_HAL_Driver/Inc -I../Drivers/STM32F1xx_HAL_Driver/Inc/Legacy -I../Drivers/CMSIS/Device/ST/STM32F1xx/Include -I../Drivers/CMSIS/Include -O0 -ffunction-sections -fdata-sections -Wall -fstack-usage -MMD -MP -MF"Core/Src/main.d" -MT"Core/Src/main.o" --specs=nano.specs -mfloat-abi=soft -mthumb -o "Core/Src/main.o"
../Core/Src/main.c: In function 'main':
../Core/Src/main.c:186:18: warning: passing argument 2 of 'CAN_RX' from incompatible pointer type [-Wincompatible-pointer-types]
   CAN_RX(&RX_ID, &RX_DLC, RX_Data); // wait until RX Done
                  ^
../Core/Src/main.c:118:6: note: expected 'uint8_t * {aka unsigned char *}' but argument is of type 'uint32_t * {aka long unsigned int *}'
 void CAN_RX(uint32_t *ID, uint8_t *DLC, uint8_t *Payload)
      ^~~~~~
arm-none-eabi-gcc -o "CASE_CASE1.elf" @"objects.list"   -mcpu=cortex-m3 -T"D:\Mastering_embedded_system\3rd Term\unit13\Lecture3_CaseStudy1_Part2\CASE_CASE1\STM32F103C6TX_FLASH.ld" --specs=nosys.specs -Wl,-Map="CASE_CASE1.map" -Wl,--gc-sections -static --specs=nano.specs -mfloat-abi=soft -mthumb -Wl,--start-group -lc -lm -Wl,--end-group
Finished building target: CASE_CASE1.elf
 
arm-none-eabi-objdump -h -S  CASE_CASE1.elf  > "CASE_CASE1.list"
arm-none-eabi-objcopy  -O binary  CASE_CASE1.elf  "CASE_CASE1.bin"
arm-none-eabi-size   CASE_CASE1.elf 
   text	   data	    bss	    dec	    hex	filename
   7220	     20	   1612	   8852	   2294	CASE_CASE1.elf
Finished building: default.size.stdout
 
Finished building: CASE_CASE1.bin
 
Finished building: CASE_CASE1.list
 

20:29:06 Build Finished. 0 errors, 1 warnings. (took 1s.65ms)

