04:59:52 **** Incremental Build of configuration Debug for project Lesson1_Unit7_Lab ****
make -j8 all 
arm-none-eabi-gcc -gdwarf2 -mcpu=cortex-m3 -g3 -c -x assembler-with-cpp -MMD -MP -MF"Startup/startup_stm32f103c6tx.d" -MT"Startup/startup_stm32f103c6tx.o" --specs=nano.specs -mfloat-abi=soft -mthumb -o "Startup/startup_stm32f103c6tx.o" "../Startup/startup_stm32f103c6tx.s"
arm-none-eabi-gcc -gdwarf2 "../Src/main.c" -mcpu=cortex-m3 -std=gnu11 -g3 -DSTM32 -DSTM32F1 -DSTM32F103C6Tx -DDEBUG -c -I../Inc -O0 -ffunction-sections -fdata-sections -Wall -fstack-usage -MMD -MP -MF"Src/main.d" -MT"Src/main.o" --specs=nano.specs -mfloat-abi=soft -mthumb -o "Src/main.o"
arm-none-eabi-gcc -gdwarf2 "../Src/syscalls.c" -mcpu=cortex-m3 -std=gnu11 -g3 -DSTM32 -DSTM32F1 -DSTM32F103C6Tx -DDEBUG -c -I../Inc -O0 -ffunction-sections -fdata-sections -Wall -fstack-usage -MMD -MP -MF"Src/syscalls.d" -MT"Src/syscalls.o" --specs=nano.specs -mfloat-abi=soft -mthumb -o "Src/syscalls.o"
arm-none-eabi-gcc -gdwarf2 "../Src/sysmem.c" -mcpu=cortex-m3 -std=gnu11 -g3 -DSTM32 -DSTM32F1 -DSTM32F103C6Tx -DDEBUG -c -I../Inc -O0 -ffunction-sections -fdata-sections -Wall -fstack-usage -MMD -MP -MF"Src/sysmem.d" -MT"Src/sysmem.o" --specs=nano.specs -mfloat-abi=soft -mthumb -o "Src/sysmem.o"
arm-none-eabi-gcc: error: '-gdwarf2' is ambiguous; use '-gdwarf-2' for DWARF version or '-gdwarf -g2' for debug level
arm-none-eabi-gcc: error: '-gdwarf2' is ambiguous; use '-gdwarf-2' for DWARF version or '-gdwarf -g2' for debug level
arm-none-eabi-gcc: error: '-gdwarf2' is ambiguous; use '-gdwarf-2' for DWARF version or '-gdwarf -g2' for debug level
make: *** [Startup/subdir.mk:18: Startup/startup_stm32f103c6tx.o] Error 1
make: *** Waiting for unfinished jobs....
arm-none-eabi-gcc: error: '-gdwarf2' is ambiguous; use '-gdwarf-2' for DWARF version or '-gdwarf -g2' for debug level
make: *** [Src/subdir.mk:24: Src/main.o] Error 1
make: *** [Src/subdir.mk:26: Src/syscalls.o] Error 1
make: *** [Src/subdir.mk:28: Src/sysmem.o] Error 1
"make -j8 all" terminated with exit code 2. Build might be incomplete.
05:00:29 **** Incremental Build of configuration Debug for project Lesson1_Unit7_Lab ****
make -j8 all 
arm-none-eabi-gcc -mcpu=cortex-m3 -g3 -c -x assembler-with-cpp -MMD -MP -MF"Startup/startup_stm32f103c6tx.d" -MT"Startup/startup_stm32f103c6tx.o" --specs=nano.specs -mfloat-abi=soft -mthumb -o "Startup/startup_stm32f103c6tx.o" "../Startup/startup_stm32f103c6tx.s"
arm-none-eabi-gcc "../Src/main.c" -mcpu=cortex-m3 -std=gnu11 -g3 -DSTM32 -DSTM32F1 -DSTM32F103C6Tx -DDEBUG -c -I../Inc -O0 -ffunction-sections -fdata-sections -Wall -fstack-usage -MMD -MP -MF"Src/main.d" -MT"Src/main.o" --specs=nano.specs -mfloat-abi=soft -mthumb -o "Src/main.o"
arm-none-eabi-gcc "../Src/syscalls.c" -mcpu=cortex-m3 -std=gnu11 -g3 -DSTM32 -DSTM32F1 -DSTM32F103C6Tx -DDEBUG -c -I../Inc -O0 -ffunction-sections -fdata-sections -Wall -fstack-usage -MMD -MP -MF"Src/syscalls.d" -MT"Src/syscalls.o" --specs=nano.specs -mfloat-abi=soft -mthumb -o "Src/syscalls.o"
arm-none-eabi-gcc "../Src/sysmem.c" -mcpu=cortex-m3 -std=gnu11 -g3 -DSTM32 -DSTM32F1 -DSTM32F103C6Tx -DDEBUG -c -I../Inc -O0 -ffunction-sections -fdata-sections -Wall -fstack-usage -MMD -MP -MF"Src/sysmem.d" -MT"Src/sysmem.o" --specs=nano.specs -mfloat-abi=soft -mthumb -o "Src/sysmem.o"
arm-none-eabi-gcc -o "Lesson1_Unit7_Lab.elf" @"objects.list"   -mcpu=cortex-m3 -T"C:\Users\abdel\Downloads\Mastering_embedded_system\2nd Term\unit7\Lecture1\Lesson1_Unit7_Lab\STM32F103C6TX_FLASH.ld" --specs=nosys.specs -Wl,-Map="Lesson1_Unit7_Lab.map" -Wl,--gc-sections -static --specs=nano.specs -mfloat-abi=soft -mthumb -Wl,--start-group -lc -lm -Wl,--end-group
Finished building target: Lesson1_Unit7_Lab.elf
 
arm-none-eabi-objdump -h -S  Lesson1_Unit7_Lab.elf  > "Lesson1_Unit7_Lab.list"
arm-none-eabi-objcopy  -O binary  Lesson1_Unit7_Lab.elf  "Lesson1_Unit7_Lab.bin"
arm-none-eabi-size   Lesson1_Unit7_Lab.elf 
   text	   data	    bss	    dec	    hex	filename
    824	      8	   1568	   2400	    960	Lesson1_Unit7_Lab.elf
Finished building: default.size.stdout
 
Finished building: Lesson1_Unit7_Lab.bin
Finished building: Lesson1_Unit7_Lab.list
 
 
05:01:51 **** Incremental Build of configuration Debug for project Lesson1_Unit7_Lab ****
make -j8 all 
arm-none-eabi-size   Lesson1_Unit7_Lab.elf 
arm-none-eabi-objcopy  -O ihex  Lesson1_Unit7_Lab.elf  "Lesson1_Unit7_Lab.hex"
   text	   data	    bss	    dec	    hex	filename
    824	      8	   1568	   2400	    960	Lesson1_Unit7_Lab.elf
Finished building: default.size.stdout
 
Finished building: Lesson1_Unit7_Lab.hex
 
05:04:27 **** Incremental Build of configuration Debug for project Lesson1_Unit7_Lab ****
make -j8 all 
arm-none-eabi-gcc "../Src/main.c" -mcpu=cortex-m3 -std=gnu11 -g3 -DSTM32 -DSTM32F1 -DSTM32F103C6Tx -DDEBUG -c -I../Inc -O0 -ffunction-sections -fdata-sections -Wall -fstack-usage -MMD -MP -MF"Src/main.d" -MT"Src/main.o" --specs=nano.specs -mfloat-abi=soft -mthumb -o "Src/main.o"
arm-none-eabi-gcc -o "Lesson1_Unit7_Lab.elf" @"objects.list"   -mcpu=cortex-m3 -T"C:\Users\abdel\Downloads\Mastering_embedded_system\2nd Term\unit7\Lecture1\Lesson1_Unit7_Lab\STM32F103C6TX_FLASH.ld" --specs=nosys.specs -Wl,-Map="Lesson1_Unit7_Lab.map" -Wl,--gc-sections -static --specs=nano.specs -mfloat-abi=soft -mthumb -Wl,--start-group -lc -lm -Wl,--end-group
Finished building target: Lesson1_Unit7_Lab.elf
 
arm-none-eabi-objdump -h -S  Lesson1_Unit7_Lab.elf  > "Lesson1_Unit7_Lab.list"
arm-none-eabi-objcopy  -O ihex  Lesson1_Unit7_Lab.elf  "Lesson1_Unit7_Lab.hex"
arm-none-eabi-objcopy  -O binary  Lesson1_Unit7_Lab.elf  "Lesson1_Unit7_Lab.bin"
arm-none-eabi-size   Lesson1_Unit7_Lab.elf 
   text	   data	    bss	    dec	    hex	filename
    824	      8	   1568	   2400	    960	Lesson1_Unit7_Lab.elf
Finished building: default.size.stdout
 
Finished building: Lesson1_Unit7_Lab.hex
Finished building: Lesson1_Unit7_Lab.bin
Finished building: Lesson1_Unit7_Lab.list
 
 
 
05:04:56 **** Incremental Build of configuration Debug for project Lesson1_Unit7_Lab ****
make -j8 all 
arm-none-eabi-gcc "../Src/main.c" -mcpu=cortex-m3 -std=gnu11 -g3 -DSTM32 -DSTM32F1 -DSTM32F103C6Tx -DDEBUG -c -I../Inc -O0 -ffunction-sections -fdata-sections -Wall -fstack-usage -MMD -MP -MF"Src/main.d" -MT"Src/main.o" --specs=nano.specs -mfloat-abi=soft -mthumb -o "Src/main.o"
arm-none-eabi-gcc -o "Lesson1_Unit7_Lab.elf" @"objects.list"   -mcpu=cortex-m3 -T"C:\Users\abdel\Downloads\Mastering_embedded_system\2nd Term\unit7\Lecture1\Lesson1_Unit7_Lab\STM32F103C6TX_FLASH.ld" --specs=nosys.specs -Wl,-Map="Lesson1_Unit7_Lab.map" -Wl,--gc-sections -static --specs=nano.specs -mfloat-abi=soft -mthumb -Wl,--start-group -lc -lm -Wl,--end-group
Finished building target: Lesson1_Unit7_Lab.elf
 
arm-none-eabi-objdump -h -S  Lesson1_Unit7_Lab.elf  > "Lesson1_Unit7_Lab.list"
arm-none-eabi-objcopy  -O ihex  Lesson1_Unit7_Lab.elf  "Lesson1_Unit7_Lab.hex"
arm-none-eabi-objcopy  -O binary  Lesson1_Unit7_Lab.elf  "Lesson1_Unit7_Lab.bin"
arm-none-eabi-size   Lesson1_Unit7_Lab.elf 
   text	   data	    bss	    dec	    hex	filename
    824	      8	   1568	   2400	    960	Lesson1_Unit7_Lab.elf
Finished building: default.size.stdout
Finished building: Lesson1_Unit7_Lab.hex
 
Finished building: Lesson1_Unit7_Lab.bin
Finished building: Lesson1_Unit7_Lab.list
 
 
 
05:06:39 **** Incremental Build of configuration Debug for project Lesson1_Unit7_Lab ****
make -j8 all 
arm-none-eabi-gcc "../Src/main.c" -mcpu=cortex-m3 -std=gnu11 -g3 -DSTM32 -DSTM32F1 -DSTM32F103C6Tx -DDEBUG -c -I../Inc -O0 -ffunction-sections -fdata-sections -Wall -fstack-usage -MMD -MP -MF"Src/main.d" -MT"Src/main.o" --specs=nano.specs -mfloat-abi=soft -mthumb -o "Src/main.o"
arm-none-eabi-gcc -o "Lesson1_Unit7_Lab.elf" @"objects.list"   -mcpu=cortex-m3 -T"C:\Users\abdel\Downloads\Mastering_embedded_system\2nd Term\unit7\Lecture1\Lesson1_Unit7_Lab\STM32F103C6TX_FLASH.ld" --specs=nosys.specs -Wl,-Map="Lesson1_Unit7_Lab.map" -Wl,--gc-sections -static --specs=nano.specs -mfloat-abi=soft -mthumb -Wl,--start-group -lc -lm -Wl,--end-group
Finished building target: Lesson1_Unit7_Lab.elf
 
arm-none-eabi-objdump -h -S  Lesson1_Unit7_Lab.elf  > "Lesson1_Unit7_Lab.list"
arm-none-eabi-objcopy  -O ihex  Lesson1_Unit7_Lab.elf  "Lesson1_Unit7_Lab.hex"
arm-none-eabi-objcopy  -O binary  Lesson1_Unit7_Lab.elf  "Lesson1_Unit7_Lab.bin"
arm-none-eabi-size   Lesson1_Unit7_Lab.elf 
   text	   data	    bss	    dec	    hex	filename
    888	      8	   1568	   2464	    9a0	Lesson1_Unit7_Lab.elf
Finished building: default.size.stdout
Finished building: Lesson1_Unit7_Lab.list
Finished building: Lesson1_Unit7_Lab.hex
 
Finished building: Lesson1_Unit7_Lab.bin
 
 
 
05:07:52 **** Incremental Build of configuration Debug for project Lesson1_Unit7_Lab ****
make -j8 all 
arm-none-eabi-gcc "../Src/main.c" -mcpu=cortex-m3 -std=gnu11 -g3 -DSTM32 -DSTM32F1 -DSTM32F103C6Tx -DDEBUG -c -I../Inc -O0 -ffunction-sections -fdata-sections -Wall -fstack-usage -MMD -MP -MF"Src/main.d" -MT"Src/main.o" --specs=nano.specs -mfloat-abi=soft -mthumb -o "Src/main.o"
arm-none-eabi-gcc -o "Lesson1_Unit7_Lab.elf" @"objects.list"   -mcpu=cortex-m3 -T"C:\Users\abdel\Downloads\Mastering_embedded_system\2nd Term\unit7\Lecture1\Lesson1_Unit7_Lab\STM32F103C6TX_FLASH.ld" --specs=nosys.specs -Wl,-Map="Lesson1_Unit7_Lab.map" -Wl,--gc-sections -static --specs=nano.specs -mfloat-abi=soft -mthumb -Wl,--start-group -lc -lm -Wl,--end-group
Finished building target: Lesson1_Unit7_Lab.elf
 
arm-none-eabi-objdump -h -S  Lesson1_Unit7_Lab.elf  > "Lesson1_Unit7_Lab.list"
arm-none-eabi-objcopy  -O ihex  Lesson1_Unit7_Lab.elf  "Lesson1_Unit7_Lab.hex"
arm-none-eabi-objcopy  -O binary  Lesson1_Unit7_Lab.elf  "Lesson1_Unit7_Lab.bin"
arm-none-eabi-size   Lesson1_Unit7_Lab.elf 
   text	   data	    bss	    dec	    hex	filename
    884	      8	   1568	   2460	    99c	Lesson1_Unit7_Lab.elf
Finished building: default.size.stdout
Finished building: Lesson1_Unit7_Lab.hex
Finished building: Lesson1_Unit7_Lab.list
Finished building: Lesson1_Unit7_Lab.bin
 
 
 
 
05:09:20 **** Incremental Build of configuration Debug for project Lesson1_Unit7_Lab ****
make -j8 all 
arm-none-eabi-gcc "../Src/main.c" -mcpu=cortex-m3 -std=gnu11 -g3 -DSTM32 -DSTM32F1 -DSTM32F103C6Tx -DDEBUG -c -I../Inc -O0 -ffunction-sections -fdata-sections -Wall -fstack-usage -MMD -MP -MF"Src/main.d" -MT"Src/main.o" --specs=nano.specs -mfloat-abi=soft -mthumb -o "Src/main.o"
arm-none-eabi-gcc -o "Lesson1_Unit7_Lab.elf" @"objects.list"   -mcpu=cortex-m3 -T"C:\Users\abdel\Downloads\Mastering_embedded_system\2nd Term\unit7\Lecture1\Lesson1_Unit7_Lab\STM32F103C6TX_FLASH.ld" --specs=nosys.specs -Wl,-Map="Lesson1_Unit7_Lab.map" -Wl,--gc-sections -static --specs=nano.specs -mfloat-abi=soft -mthumb -Wl,--start-group -lc -lm -Wl,--end-group
Finished building target: Lesson1_Unit7_Lab.elf
 
arm-none-eabi-objdump -h -S  Lesson1_Unit7_Lab.elf  > "Lesson1_Unit7_Lab.list"
arm-none-eabi-objcopy  -O ihex  Lesson1_Unit7_Lab.elf  "Lesson1_Unit7_Lab.hex"
arm-none-eabi-objcopy  -O binary  Lesson1_Unit7_Lab.elf  "Lesson1_Unit7_Lab.bin"
arm-none-eabi-size   Lesson1_Unit7_Lab.elf 
   text	   data	    bss	    dec	    hex	filename
    884	      8	   1568	   2460	    99c	Lesson1_Unit7_Lab.elf
Finished building: default.size.stdout
 
Finished building: Lesson1_Unit7_Lab.list
Finished building: Lesson1_Unit7_Lab.hex
Finished building: Lesson1_Unit7_Lab.bin
 
 
 
05:10:19 **** Incremental Build of configuration Debug for project Lesson1_Unit7_Lab ****
make -j8 all 
arm-none-eabi-gcc "../Src/main.c" -mcpu=cortex-m3 -std=gnu11 -g3 -DSTM32 -DSTM32F1 -DSTM32F103C6Tx -DDEBUG -c -I../Inc -O0 -ffunction-sections -fdata-sections -Wall -fstack-usage -MMD -MP -MF"Src/main.d" -MT"Src/main.o" --specs=nano.specs -mfloat-abi=soft -mthumb -o "Src/main.o"
arm-none-eabi-gcc -o "Lesson1_Unit7_Lab.elf" @"objects.list"   -mcpu=cortex-m3 -T"C:\Users\abdel\Downloads\Mastering_embedded_system\2nd Term\unit7\Lecture1\Lesson1_Unit7_Lab\STM32F103C6TX_FLASH.ld" --specs=nosys.specs -Wl,-Map="Lesson1_Unit7_Lab.map" -Wl,--gc-sections -static --specs=nano.specs -mfloat-abi=soft -mthumb -Wl,--start-group -lc -lm -Wl,--end-group
Finished building target: Lesson1_Unit7_Lab.elf
 
arm-none-eabi-objdump -h -S  Lesson1_Unit7_Lab.elf  > "Lesson1_Unit7_Lab.list"
arm-none-eabi-objcopy  -O ihex  Lesson1_Unit7_Lab.elf  "Lesson1_Unit7_Lab.hex"
arm-none-eabi-objcopy  -O binary  Lesson1_Unit7_Lab.elf  "Lesson1_Unit7_Lab.bin"
arm-none-eabi-size   Lesson1_Unit7_Lab.elf 
   text	   data	    bss	    dec	    hex	filename
    888	      8	   1568	   2464	    9a0	Lesson1_Unit7_Lab.elf
Finished building: default.size.stdout
 
Finished building: Lesson1_Unit7_Lab.hex
Finished building: Lesson1_Unit7_Lab.bin
Finished building: Lesson1_Unit7_Lab.list
 
 
 
05:10:50 **** Incremental Build of configuration Debug for project Lesson1_Unit7_Lab ****
make -j8 all 
arm-none-eabi-gcc "../Src/main.c" -mcpu=cortex-m3 -std=gnu11 -g3 -DSTM32 -DSTM32F1 -DSTM32F103C6Tx -DDEBUG -c -I../Inc -O0 -ffunction-sections -fdata-sections -Wall -fstack-usage -MMD -MP -MF"Src/main.d" -MT"Src/main.o" --specs=nano.specs -mfloat-abi=soft -mthumb -o "Src/main.o"
arm-none-eabi-gcc -o "Lesson1_Unit7_Lab.elf" @"objects.list"   -mcpu=cortex-m3 -T"C:\Users\abdel\Downloads\Mastering_embedded_system\2nd Term\unit7\Lecture1\Lesson1_Unit7_Lab\STM32F103C6TX_FLASH.ld" --specs=nosys.specs -Wl,-Map="Lesson1_Unit7_Lab.map" -Wl,--gc-sections -static --specs=nano.specs -mfloat-abi=soft -mthumb -Wl,--start-group -lc -lm -Wl,--end-group
Finished building target: Lesson1_Unit7_Lab.elf
 
arm-none-eabi-objdump -h -S  Lesson1_Unit7_Lab.elf  > "Lesson1_Unit7_Lab.list"
arm-none-eabi-objcopy  -O ihex  Lesson1_Unit7_Lab.elf  "Lesson1_Unit7_Lab.hex"
arm-none-eabi-objcopy  -O binary  Lesson1_Unit7_Lab.elf  "Lesson1_Unit7_Lab.bin"
arm-none-eabi-size   Lesson1_Unit7_Lab.elf 
   text	   data	    bss	    dec	    hex	filename
    888	      8	   1568	   2464	    9a0	Lesson1_Unit7_Lab.elf
Finished building: default.size.stdout
Finished building: Lesson1_Unit7_Lab.hex
 
Finished building: Lesson1_Unit7_Lab.bin
Finished building: Lesson1_Unit7_Lab.list
 
 
 
