2024-07-04 15:25:22,570 [INFO] Activator:178 - 


2024-07-04 15:25:22,570 [INFO] Activator:179 - !SESSION log4j initialized
2024-07-04 16:03:03,133 [INFO] ApplicationProperties:181 - Using Application install path: C:\ST\STM32CubeIDE_1.4.0\STM32CubeIDE\plugins\com.st.stm32cube.common.mx_6.0.0.202007160824
2024-07-04 16:03:03,160 [INFO] DbMcusXml:70 - Set database path to: C:\ST\STM32CubeIDE_1.4.0\STM32CubeIDE\plugins\com.st.stm32cube.common.mx_6.0.0.202007160824\\db\/mcu/
2024-07-04 16:03:03,168 [INFO] DbBoardsPdsc:56 - Set plugin database path to: C:\ST\STM32CubeIDE_1.4.0\STM32CubeIDE\plugins\com.st.stm32cube.common.mx_6.0.0.202007160824\\db\/plugins/boardmanager/
2024-07-04 16:03:03,170 [INFO] DbMcus:258 - Set plugin images path to: C:\ST\STM32CubeIDE_1.4.0\STM32CubeIDE\plugins\com.st.stm32cube.common.mx_6.0.0.202007160824\\db\/plugins/mcufinder/images/
2024-07-04 16:03:03,170 [INFO] DbBoards:264 - Set plugin images path to: C:\ST\STM32CubeIDE_1.4.0\STM32CubeIDE\plugins\com.st.stm32cube.common.mx_6.0.0.202007160824\\db\/plugins/mcufinder/images/
2024-07-04 16:03:03,176 [INFO] DbExamples:326 - Set plugin images path to: C:\ST\STM32CubeIDE_1.4.0\STM32CubeIDE\plugins\com.st.stm32cube.common.mx_6.0.0.202007160824\\db\/plugins/mcufinder/images/
2024-07-04 16:03:03,193 [INFO] DbMcusDocs:112 - Set database path to: C:\Users\abdel\.stmcufinder\plugins\mcufinder//mcu/
2024-07-04 16:03:03,198 [INFO] DbMcusJson:63 - Set database path to: C:\Users\abdel\.stmcufinder\plugins\mcufinder//mcu/
2024-07-04 16:03:03,198 [INFO] DbBoardsDocs:112 - Set database path to: C:\Users\abdel\.stmcufinder\plugins\mcufinder//mcu/
2024-07-04 16:03:03,201 [INFO] DbBoardsJson:56 - Set database path to: C:\Users\abdel\.stmcufinder\plugins\mcufinder//mcu/
2024-07-04 16:03:03,211 [INFO] CrossReferenceDbSqlite:196 - Set database path to: C:\Users\abdel\.stmcufinder\plugins\mcufinder//mcu/cs/
2024-07-04 16:03:03,216 [INFO] DbExamplesSqlite:800 - Set database path to: C:\Users\abdel\.stmcufinder\plugins\mcufinder//mcu/
2024-07-04 16:03:03,519 [INFO] RulesReader:52 - Compatibility file has been processed (209 Rules)
2024-07-04 16:03:03,677 [INFO] MicroXplorer:564 - Detected Java Version = 1.8.0_252
2024-07-04 16:03:03,678 [INFO] DbMcusXml:70 - Set database path to: C:\ST\STM32CubeIDE_1.4.0\STM32CubeIDE\plugins\com.st.stm32cube.common.mx_6.0.0.202007160824\\db\/mcu/
2024-07-04 16:03:03,678 [INFO] DbBoardsPdsc:56 - Set plugin database path to: C:\ST\STM32CubeIDE_1.4.0\STM32CubeIDE\plugins\com.st.stm32cube.common.mx_6.0.0.202007160824\\db\/plugins/boardmanager/
2024-07-04 16:03:03,679 [INFO] DbMcus:258 - Set plugin images path to: C:\ST\STM32CubeIDE_1.4.0\STM32CubeIDE\plugins\com.st.stm32cube.common.mx_6.0.0.202007160824\\db\/plugins/mcufinder/images/
2024-07-04 16:03:03,679 [INFO] DbBoards:264 - Set plugin images path to: C:\ST\STM32CubeIDE_1.4.0\STM32CubeIDE\plugins\com.st.stm32cube.common.mx_6.0.0.202007160824\\db\/plugins/mcufinder/images/
2024-07-04 16:03:03,679 [INFO] DbExamples:326 - Set plugin images path to: C:\ST\STM32CubeIDE_1.4.0\STM32CubeIDE\plugins\com.st.stm32cube.common.mx_6.0.0.202007160824\\db\/plugins/mcufinder/images/
2024-07-04 16:03:03,679 [WARN] DbFile:36 - Overriding database path with different value: C:\Users\abdel\.stmcufinder\plugins\mcufinder/ => C:\Users\abdel\.stmcufinder\plugins\mcufinder
2024-07-04 16:03:03,679 [INFO] DbMcusDocs:112 - Set database path to: C:\Users\abdel\.stmcufinder\plugins\mcufinder//mcu/
2024-07-04 16:03:03,679 [WARN] DbFile:36 - Overriding database path with different value: C:\Users\abdel\.stmcufinder\plugins\mcufinder/ => C:\Users\abdel\.stmcufinder\plugins\mcufinder
2024-07-04 16:03:03,682 [INFO] DbMcusJson:63 - Set database path to: C:\Users\abdel\.stmcufinder\plugins\mcufinder//mcu/
2024-07-04 16:03:03,682 [WARN] DbFile:36 - Overriding database path with different value: C:\Users\abdel\.stmcufinder\plugins\mcufinder/ => C:\Users\abdel\.stmcufinder\plugins\mcufinder
2024-07-04 16:03:03,682 [INFO] DbBoardsDocs:112 - Set database path to: C:\Users\abdel\.stmcufinder\plugins\mcufinder//mcu/
2024-07-04 16:03:03,682 [WARN] DbFile:36 - Overriding database path with different value: C:\Users\abdel\.stmcufinder\plugins\mcufinder/ => C:\Users\abdel\.stmcufinder\plugins\mcufinder
2024-07-04 16:03:03,682 [INFO] DbBoardsJson:56 - Set database path to: C:\Users\abdel\.stmcufinder\plugins\mcufinder//mcu/
2024-07-04 16:03:03,682 [WARN] DbFile:36 - Overriding database path with different value: C:\Users\abdel\.stmcufinder\plugins\mcufinder/ => C:\Users\abdel\.stmcufinder\plugins\mcufinder
2024-07-04 16:03:03,682 [WARN] DbFile:36 - Overriding database path with different value: C:\Users\abdel\.stmcufinder\plugins\mcufinder/ => C:\Users\abdel\.stmcufinder\plugins\mcufinder
2024-07-04 16:03:03,683 [INFO] CrossReferenceDbSqlite:196 - Set database path to: C:\Users\abdel\.stmcufinder\plugins\mcufinder//mcu/cs/
2024-07-04 16:03:03,683 [WARN] DbFile:36 - Overriding database path with different value: C:\Users\abdel\.stmcufinder\plugins\mcufinder/ => C:\Users\abdel\.stmcufinder\plugins\mcufinder
2024-07-04 16:03:03,684 [INFO] DbExamplesSqlite:800 - Set database path to: C:\Users\abdel\.stmcufinder\plugins\mcufinder//mcu/
2024-07-04 16:03:03,809 [INFO] MainPanel:189 - HeapMemory: 268435456
2024-07-04 16:03:03,991 [INFO] DbMcusXml:70 - Set database path to: C:\ST\STM32CubeIDE_1.4.0\STM32CubeIDE\plugins\com.st.stm32cube.common.mx_6.0.0.202007160824\\db\/mcu/
2024-07-04 16:03:03,991 [INFO] DbBoardsPdsc:56 - Set plugin database path to: C:\ST\STM32CubeIDE_1.4.0\STM32CubeIDE\plugins\com.st.stm32cube.common.mx_6.0.0.202007160824\\db\/plugins/boardmanager/
2024-07-04 16:03:03,995 [INFO] DbMcus:258 - Set plugin images path to: C:\ST\STM32CubeIDE_1.4.0\STM32CubeIDE\plugins\com.st.stm32cube.common.mx_6.0.0.202007160824\\db\/plugins/mcufinder/images/
2024-07-04 16:03:03,996 [INFO] DbBoards:264 - Set plugin images path to: C:\ST\STM32CubeIDE_1.4.0\STM32CubeIDE\plugins\com.st.stm32cube.common.mx_6.0.0.202007160824\\db\/plugins/mcufinder/images/
2024-07-04 16:03:03,996 [INFO] DbExamples:326 - Set plugin images path to: C:\ST\STM32CubeIDE_1.4.0\STM32CubeIDE\plugins\com.st.stm32cube.common.mx_6.0.0.202007160824\\db\/plugins/mcufinder/images/
2024-07-04 16:03:04,000 [WARN] DbFile:36 - Overriding database path with different value: C:\Users\abdel\.stmcufinder\plugins\mcufinder/ => C:\Users\abdel\.stmcufinder\plugins\mcufinder
2024-07-04 16:03:04,000 [INFO] DbMcusDocs:112 - Set database path to: C:\Users\abdel\.stmcufinder\plugins\mcufinder//mcu/
2024-07-04 16:03:04,002 [WARN] DbFile:36 - Overriding database path with different value: C:\Users\abdel\.stmcufinder\plugins\mcufinder/ => C:\Users\abdel\.stmcufinder\plugins\mcufinder
2024-07-04 16:03:04,003 [INFO] DbMcusJson:63 - Set database path to: C:\Users\abdel\.stmcufinder\plugins\mcufinder//mcu/
2024-07-04 16:03:04,003 [WARN] DbFile:36 - Overriding database path with different value: C:\Users\abdel\.stmcufinder\plugins\mcufinder/ => C:\Users\abdel\.stmcufinder\plugins\mcufinder
2024-07-04 16:03:04,004 [INFO] DbBoardsDocs:112 - Set database path to: C:\Users\abdel\.stmcufinder\plugins\mcufinder//mcu/
2024-07-04 16:03:04,004 [WARN] DbFile:36 - Overriding database path with different value: C:\Users\abdel\.stmcufinder\plugins\mcufinder/ => C:\Users\abdel\.stmcufinder\plugins\mcufinder
2024-07-04 16:03:04,005 [INFO] DbBoardsJson:56 - Set database path to: C:\Users\abdel\.stmcufinder\plugins\mcufinder//mcu/
2024-07-04 16:03:04,005 [WARN] DbFile:36 - Overriding database path with different value: C:\Users\abdel\.stmcufinder\plugins\mcufinder/ => C:\Users\abdel\.stmcufinder\plugins\mcufinder
2024-07-04 16:03:04,007 [WARN] DbFile:36 - Overriding database path with different value: C:\Users\abdel\.stmcufinder\plugins\mcufinder/ => C:\Users\abdel\.stmcufinder\plugins\mcufinder
2024-07-04 16:03:04,007 [INFO] CrossReferenceDbSqlite:196 - Set database path to: C:\Users\abdel\.stmcufinder\plugins\mcufinder//mcu/cs/
2024-07-04 16:03:04,007 [WARN] DbFile:36 - Overriding database path with different value: C:\Users\abdel\.stmcufinder\plugins\mcufinder/ => C:\Users\abdel\.stmcufinder\plugins\mcufinder
2024-07-04 16:03:04,008 [INFO] DbExamplesSqlite:800 - Set database path to: C:\Users\abdel\.stmcufinder\plugins\mcufinder//mcu/
2024-07-04 16:03:04,046 [INFO] ApplicationProperties:181 - Using Application install path: C:\ST\STM32CubeIDE_1.4.0\STM32CubeIDE\plugins\com.st.stm32cube.common.mx_6.0.0.202007160824
2024-07-04 16:03:04,051 [INFO] PluginManage:178 - Search for loadable plugins [exclusion list=, ]
2024-07-04 16:03:04,053 [INFO] PluginManage:292 - Check plugin analytics
2024-07-04 16:03:04,378 [INFO] AnalyticsPlugin:203 - Accepted Software Licenses: 
2024-07-04 16:03:04,379 [INFO] AnalyticsPlugin:205 - Accepted CMSIS Pack Licenses: 
2024-07-04 16:03:04,379 [INFO] AnalyticsPlugin:207 - Accepted Firmware Licenses: 
2024-07-04 16:03:04,379 [INFO] PluginManage:342 - Loaded plugin analytics (category:tool,tabindex:-1)
2024-07-04 16:03:04,379 [INFO] PluginManage:292 - Check plugin clock
2024-07-04 16:03:04,432 [INFO] PluginManage:342 - Loaded plugin clock (category:base,tabindex:2)
2024-07-04 16:03:04,432 [INFO] PluginManage:292 - Check plugin ddr
2024-07-04 16:03:04,438 [INFO] PluginManage:342 - Loaded plugin ddr (category:tool,tabindex:6)
2024-07-04 16:03:04,438 [INFO] PluginManage:292 - Check plugin filemanager
2024-07-04 16:03:04,738 [INFO] PluginManage:342 - Loaded plugin filemanager (category:base,tabindex:10)
2024-07-04 16:03:04,738 [INFO] PluginManage:292 - Check plugin ipmanager
2024-07-04 16:03:04,761 [INFO] PluginManage:342 - Loaded plugin ipmanager (category:base,tabindex:5)
2024-07-04 16:03:04,762 [INFO] PluginManage:292 - Check plugin pinoutandconfiguration
2024-07-04 16:03:04,801 [INFO] PluginManage:342 - Loaded plugin pinoutandconfiguration (category:base,tabindex:1)
2024-07-04 16:03:04,801 [INFO] PluginManage:292 - Check plugin pinoutconfig
2024-07-04 16:03:04,878 [INFO] PluginManage:342 - Loaded plugin pinoutconfig (category:base,tabindex:0)
2024-07-04 16:03:04,878 [INFO] PluginManage:292 - Check plugin power
2024-07-04 16:03:04,923 [INFO] PluginManage:342 - Loaded plugin power (category:power,tabindex:4)
2024-07-04 16:03:04,923 [INFO] PluginManage:292 - Check plugin projectmanager
2024-07-04 16:03:04,953 [INFO] PluginManage:342 - Loaded plugin projectmanager (category:projectmanager,tabindex:3)
2024-07-04 16:03:04,953 [INFO] PluginManage:292 - Check plugin thirdparty
2024-07-04 16:03:05,238 [INFO] ThirdPartyDb:333 - Open Third Party DataBase File (C:/Users/abdel/.stm32cubemx/plugins/thirdparty/db/thirdparties_db.xml) : 105 ms. number of Sw pack : 51
2024-07-04 16:03:05,253 [INFO] PluginManage:342 - Loaded plugin thirdparty (category:base,tabindex:-1)
2024-07-04 16:03:05,253 [INFO] PluginManage:292 - Check plugin tools
2024-07-04 16:03:05,423 [INFO] PluginManage:342 - Loaded plugin tools (category:base,tabindex:7)
2024-07-04 16:03:05,423 [INFO] PluginManage:292 - Check plugin tutovideos
2024-07-04 16:03:05,853 [INFO] PluginManage:342 - Loaded plugin tutovideos (category:base,tabindex:-1)
2024-07-04 16:03:05,858 [INFO] PluginManage:292 - Check plugin updater
2024-07-04 16:03:05,878 [INFO] PluginManage:342 - Loaded plugin updater (category:base,tabindex:12)
2024-07-04 16:03:05,878 [INFO] PluginManage:265 - PluginManage : Loaded plugins [13]
2024-07-04 16:03:06,178 [INFO] PinOutPanel:1418 - setPackage(No Configuration,No Configuration)
2024-07-04 16:03:06,360 [INFO] IPUIPlugin:64 - create IPUIPlugin
2024-07-04 16:03:06,360 [INFO] PluginManager:200 - loadIPPluginJar : add adc
2024-07-04 16:03:06,438 [INFO] IPUIPlugin:64 - create IPUIPlugin
2024-07-04 16:03:06,438 [INFO] PluginManager:200 - loadIPPluginJar : add aes
2024-07-04 16:03:06,518 [INFO] IPUIPlugin:64 - create IPUIPlugin
2024-07-04 16:03:06,518 [INFO] PluginManager:200 - loadIPPluginJar : add can
2024-07-04 16:03:06,571 [INFO] IPUIPlugin:64 - create IPUIPlugin
2024-07-04 16:03:06,571 [INFO] PluginManager:200 - loadIPPluginJar : add comp
2024-07-04 16:03:06,638 [INFO] IPUIPlugin:64 - create IPUIPlugin
2024-07-04 16:03:06,641 [INFO] PluginManager:200 - loadIPPluginJar : add cryp
2024-07-04 16:03:06,709 [INFO] IPUIPlugin:64 - create IPUIPlugin
2024-07-04 16:03:06,709 [INFO] PluginManager:200 - loadIPPluginJar : add dfsdm
2024-07-04 16:03:06,734 [INFO] IPUIPlugin:64 - create IPUIPlugin
2024-07-04 16:03:06,734 [INFO] PluginManager:200 - loadIPPluginJar : add dma
2024-07-04 16:03:06,799 [INFO] IPUIPlugin:64 - create IPUIPlugin
2024-07-04 16:03:06,799 [INFO] PluginManager:200 - loadIPPluginJar : add fatfs
2024-07-04 16:03:06,941 [INFO] IPUIPlugin:64 - create IPUIPlugin
2024-07-04 16:03:06,941 [INFO] PluginManager:200 - loadIPPluginJar : add fmc
2024-07-04 16:03:06,994 [INFO] IPUIPlugin:64 - create IPUIPlugin
2024-07-04 16:03:06,994 [INFO] PluginManager:200 - loadIPPluginJar : add freertos
2024-07-04 16:03:07,087 [INFO] IPUIPlugin:64 - create IPUIPlugin
2024-07-04 16:03:07,087 [INFO] PluginManager:200 - loadIPPluginJar : add genericplugin
2024-07-04 16:03:07,395 [INFO] IPUIPlugin:64 - create IPUIPlugin
2024-07-04 16:03:07,398 [INFO] PluginManager:200 - loadIPPluginJar : add gfxmmu
2024-07-04 16:03:07,809 [INFO] IPUIPlugin:64 - create IPUIPlugin
2024-07-04 16:03:07,813 [INFO] PluginManager:200 - loadIPPluginJar : add gic
2024-07-04 16:03:07,841 [INFO] IPUIPlugin:64 - create IPUIPlugin
2024-07-04 16:03:07,841 [INFO] PluginManager:200 - loadIPPluginJar : add gpio
2024-07-04 16:03:07,968 [INFO] IPUIPlugin:64 - create IPUIPlugin
2024-07-04 16:03:07,968 [INFO] PluginManager:200 - loadIPPluginJar : add gtzc
2024-07-04 16:03:08,059 [INFO] IPUIPlugin:64 - create IPUIPlugin
2024-07-04 16:03:08,063 [INFO] PluginManager:200 - loadIPPluginJar : add hash
2024-07-04 16:03:08,178 [INFO] IPUIPlugin:64 - create IPUIPlugin
2024-07-04 16:03:08,178 [INFO] PluginManager:200 - loadIPPluginJar : add i2c
2024-07-04 16:03:08,263 [INFO] IPUIPlugin:64 - create IPUIPlugin
2024-07-04 16:03:08,263 [INFO] PluginManager:200 - loadIPPluginJar : add i2s
2024-07-04 16:03:08,283 [INFO] IPUIPlugin:64 - create IPUIPlugin
2024-07-04 16:03:08,283 [INFO] PluginManager:200 - loadIPPluginJar : add ipddr
2024-07-04 16:03:08,360 [INFO] IPUIPlugin:64 - create IPUIPlugin
2024-07-04 16:03:08,363 [INFO] PluginManager:200 - loadIPPluginJar : add ltdc
2024-07-04 16:03:08,383 [INFO] IPUIPlugin:64 - create IPUIPlugin
2024-07-04 16:03:08,383 [INFO] PluginManager:200 - loadIPPluginJar : add mdma
2024-07-04 16:03:08,404 [INFO] IPUIPlugin:64 - create IPUIPlugin
2024-07-04 16:03:08,404 [INFO] PluginManager:200 - loadIPPluginJar : add nvic
2024-07-04 16:03:08,479 [INFO] IPUIPlugin:64 - create IPUIPlugin
2024-07-04 16:03:08,479 [INFO] PluginManager:200 - loadIPPluginJar : add opamp
2024-07-04 16:03:08,598 [INFO] IPUIPlugin:64 - create IPUIPlugin
2024-07-04 16:03:08,598 [INFO] PluginManager:200 - loadIPPluginJar : add openamp
2024-07-04 16:03:08,702 [INFO] IPUIPlugin:64 - create IPUIPlugin
2024-07-04 16:03:08,702 [INFO] PluginManager:200 - loadIPPluginJar : add pdm2pcm
2024-07-04 16:03:08,742 [INFO] IPUIPlugin:64 - create IPUIPlugin
2024-07-04 16:03:08,752 [INFO] PluginManager:200 - loadIPPluginJar : add plateformsettings
2024-07-04 16:03:08,844 [INFO] IPUIPlugin:64 - create IPUIPlugin
2024-07-04 16:03:08,844 [INFO] PluginManager:200 - loadIPPluginJar : add quadspi
2024-07-04 16:03:08,874 [INFO] IPUIPlugin:64 - create IPUIPlugin
2024-07-04 16:03:08,875 [INFO] PluginManager:200 - loadIPPluginJar : add resmgrutility
2024-07-04 16:03:09,008 [INFO] IPUIPlugin:64 - create IPUIPlugin
2024-07-04 16:03:09,008 [INFO] PluginManager:200 - loadIPPluginJar : add sai
2024-07-04 16:03:09,152 [INFO] IPUIPlugin:64 - create IPUIPlugin
2024-07-04 16:03:09,152 [INFO] PluginManager:200 - loadIPPluginJar : add spi
2024-07-04 16:03:09,323 [INFO] IPUIPlugin:64 - create IPUIPlugin
2024-07-04 16:03:09,323 [INFO] PluginManager:200 - loadIPPluginJar : add stm32_wpan
2024-07-04 16:03:09,406 [INFO] IPUIPlugin:64 - create IPUIPlugin
2024-07-04 16:03:09,406 [INFO] PluginManager:200 - loadIPPluginJar : add tim
2024-07-04 16:03:09,575 [INFO] IPUIPlugin:64 - create IPUIPlugin
2024-07-04 16:03:09,575 [INFO] PluginManager:200 - loadIPPluginJar : add touchsensing
2024-07-04 16:03:09,633 [INFO] IPUIPlugin:64 - create IPUIPlugin
2024-07-04 16:03:09,633 [INFO] PluginManager:200 - loadIPPluginJar : add tracer_emb
2024-07-04 16:03:09,695 [INFO] IPUIPlugin:64 - create IPUIPlugin
2024-07-04 16:03:09,695 [INFO] PluginManager:200 - loadIPPluginJar : add ts
2024-07-04 16:03:09,750 [INFO] IPUIPlugin:64 - create IPUIPlugin
2024-07-04 16:03:09,750 [INFO] PluginManager:200 - loadIPPluginJar : add tsc
2024-07-04 16:03:09,799 [INFO] IPUIPlugin:64 - create IPUIPlugin
2024-07-04 16:03:09,803 [INFO] PluginManager:200 - loadIPPluginJar : add ucpd
2024-07-04 16:03:09,930 [INFO] IPUIPlugin:64 - create IPUIPlugin
2024-07-04 16:03:09,930 [INFO] PluginManager:200 - loadIPPluginJar : add usart
2024-07-04 16:03:11,240 [INFO] CubeProgrammer:457 - [DDR PANEL] - PathOfProgrammer: null
2024-07-04 16:03:12,513 [FATAL] Updater:282 - Updater called before beeing initialized
2024-07-04 16:03:12,793 [FATAL] Updater:282 - Updater called before beeing initialized
2024-07-04 16:03:12,793 [WARN] ThirdParty:775 - waiting for thirdparty lock release [close project]
2024-07-04 16:03:12,793 [INFO] ThirdParty:777 - entering critical section [close project]
2024-07-04 16:03:12,793 [INFO] ThirdParty:790 - exiting critical section [close project]
2024-07-04 16:03:12,801 [INFO] PinOutPanel:1418 - setPackage(No Configuration,No Configuration)
2024-07-04 16:03:12,801 [FATAL] Updater:282 - Updater called before beeing initialized
2024-07-04 16:03:12,823 [ERROR] Updater:967 - MainUpdater not yet initialized. External WinMGr cannot be set.
2024-07-04 16:03:12,826 [INFO] CubeProgrammer:457 - [DDR PANEL] - PathOfProgrammer: C:\ST\STM32CubeIDE_1.4.0\STM32CubeIDE\plugins\com.st.stm32cube.ide.mcu.externaltools.cubeprogrammer.win32_1.4.0.202007081208\tools\bin
2024-07-04 16:03:12,833 [INFO] ProgrammerExecThread:148 - [ProgrammerAPI] CubeProgrammer command construction: C:\ST\STM32CubeIDE_1.4.0\STM32CubeIDE\plugins\com.st.stm32cube.ide.mcu.externaltools.cubeprogrammer.win32_1.4.0.202007081208\tools\bin\STM32_Programmer_CLI.exe -l
2024-07-04 16:03:13,576 [INFO] MainDdrPanel:49 - [DDR PANEL] SETTER - Set cubeProgrammerPath to: C:\ST\STM32CubeIDE_1.4.0\STM32CubeIDE\plugins\com.st.stm32cube.ide.mcu.externaltools.cubeprogrammer.win32_1.4.0.202007081208\tools\bin
2024-07-04 16:03:13,753 [INFO] Updater:904 - Updater Version found : 6.0.0
2024-07-04 16:03:13,788 [INFO] ApplicationProperties:181 - Using Application install path: C:\ST\STM32CubeIDE_1.4.0\STM32CubeIDE\plugins\com.st.stm32cube.common.mx_6.0.0.202007160824
2024-07-04 16:03:14,005 [ERROR] ServerAccessManage:1004 - Warning during Server Connexion :  Unknown host sw-center.st.com
2024-07-04 16:03:14,008 [ERROR] ServerAccessManage:1004 - Warning during Server Connexion :  Unknown host www.ebuc23.com
2024-07-04 16:03:14,008 [INFO] MainUpdater:2268 - connection check result : 22
2024-07-04 16:03:14,008 [INFO] MainUpdater:239 - Updater Check For Update Now.
2024-07-04 16:03:14,008 [INFO] MicroXplorer:414 - Change Database Version : DB.6.0.0
2024-07-04 16:03:14,173 [INFO] CheckServerUpdateThread:102 - End of CheckServer Thread
2024-07-04 16:03:14,178 [ERROR] ServerAccessManage:1004 - Warning during Server Connexion :  Unknown host sw-center.st.com
2024-07-04 16:03:14,183 [ERROR] ServerAccessManage:1004 - Warning during Server Connexion :  Unknown host www.ebuc23.com
2024-07-04 16:03:14,184 [INFO] MainUpdater:2268 - connection check result : 22
2024-07-04 16:03:14,283 [WARN] IntegrityCheckThread:61 - waiting for thirdparty lock release [integrity check]
2024-07-04 16:03:14,283 [INFO] IntegrityCheckThread:63 - entering critical section [integrity check]
2024-07-04 16:03:15,023 [INFO] ThirdPartyDb:299 - Save Third Party DataBase File (C:/Users/abdel/.stm32cubemx/plugins/thirdparty/db/thirdparties_db.xml) [forced]
2024-07-04 16:03:15,138 [INFO] ThirdPartyDb:299 - Save Third Party DataBase File (C:/Users/abdel/.stm32cubemx/plugins/thirdparty/db/thirdparties_db.xml) [forced]
2024-07-04 16:03:15,238 [INFO] IntegrityCheckThread:76 - exiting critical section [integrity check]
2024-07-04 16:03:15,238 [INFO] IntegrityCheckThread:79 - End integrity checks thread
2024-07-04 16:03:37,160 [INFO] McuFinderGlobals:40 - Set McuFinder mode to 2 (CubeIDE integrated)
2024-07-04 16:03:40,300 [INFO] CrossSelectorPresenter:1330 - Cross Selector saved comparison directory: C:\Users\abdel\.stmcufinder\plugins\mcufinder\mcu\cs_comparisons_mx
2024-07-04 16:03:40,310 [INFO] MultiScanPanel:193 - Auto-refresh data requested => check proxy status ongoing
2024-07-04 16:03:40,315 [INFO] FinderPluginLoader:87 - Searching for filters in installed packs
2024-07-04 16:03:40,317 [INFO] DbMcusXml:100 - Load MCU database from C:\ST\STM32CubeIDE_1.4.0\STM32CubeIDE\plugins\com.st.stm32cube.common.mx_6.0.0.202007160824\\db\/mcu/families.xml
2024-07-04 16:03:41,408 [INFO] DbMcusJson:92 - JSON generation date=Thu Jul 02 17:47:47 EET 2020 (1593704867)
2024-07-04 16:03:42,784 [INFO] DbMcus:175 - Found 1761 MCUs (1722 are supported by CubeMX, 1728 are visible in CubeMX)
2024-07-04 16:03:42,792 [INFO] ApiDb:201 - Load user favorites file C:\Users\abdel/.stm32cubeide/favorites.mcus.txt: 0 item(s)
2024-07-04 16:03:42,792 [INFO] ApiDb:205 - User favorites MCUs=[]
2024-07-04 16:03:42,792 [INFO] DbMcus:187 - Set 0 / 0 favorites MCUs
2024-07-04 16:03:43,958 [INFO] McuFilterPanel:245 - Update 0 favorites MCUs
2024-07-04 16:03:44,113 [INFO] DbBoardsPdsc:94 - Found 23 items
2024-07-04 16:03:44,135 [INFO] DbBoardsPdsc:94 - Found 9 items
2024-07-04 16:03:44,158 [INFO] DbBoardsPdsc:94 - Found 29 items
2024-07-04 16:03:44,178 [INFO] DbBoardsPdsc:94 - Found 1 items
2024-07-04 16:03:44,209 [INFO] DbBoardsPdsc:94 - Found 44 items
2024-07-04 16:03:44,238 [INFO] DbBoardsPdsc:94 - Found 40 items
2024-07-04 16:03:44,256 [INFO] DbBoardsPdsc:94 - Found 2 items
2024-07-04 16:03:44,277 [INFO] DbBoardsPdsc:94 - Found 4 items
2024-07-04 16:03:44,288 [WARN] DbBoardsPdsc:258 - Board STM32H7B3I-DK: unknown feature type=Audio, name=, username=Audio stereo codec with Headphone Amp (CS42L51-CNZ), n=1
2024-07-04 16:03:44,288 [WARN] DbBoardsPdsc:258 - Board STM32H735G-DK: unknown feature type=Audio, name=, username=Audio stereo codec with Headphone Amp (WM8994ECS/R), n=1
2024-07-04 16:03:44,292 [WARN] DbBoardsPdsc:258 - Board STM32H7B3I-EVAL: unknown feature type=Audio, name=, username=Multi-Channel Audio Codec (CS42L51-CNZ), n=1
2024-07-04 16:03:44,295 [WARN] DbBoardsPdsc:258 - Board STM32H7B3I-EVAL: unknown feature type=Meter, name=, username=Power-metering and Temperature-monitoring with sigma-delta modulators, n=1
2024-07-04 16:03:44,295 [WARN] DbBoardsPdsc:258 - Board STM32H7B3I-EVAL: unknown feature type=Motor, name=, username=Motor Control, n=1
2024-07-04 16:03:44,330 [INFO] DbBoardsJson:85 - JSON generation date=Thu Jul 02 15:35:57 EET 2020 (1593696957)
2024-07-04 16:03:44,338 [INFO] DbBoards:117 - Found 152 boards (149 are supported by CubeMX)
2024-07-04 16:03:44,379 [INFO] DbBoardsDocs:145 - JSON generation date=Thu Jul 02 17:47:47 EET 2020 (1593704867)
2024-07-04 16:03:44,415 [INFO] DbBoardsDocs:81 - Found 185 boards documents
2024-07-04 16:03:44,418 [WARN] DbBoards:149 - board B-G474E-DPOW1 / document id not found: 4624
2024-07-04 16:03:44,418 [WARN] DbBoards:149 - board B-G474E-DPOW1 / document id not found: 4625
2024-07-04 16:03:44,418 [WARN] DbBoards:127 - board B-L462E-CELL1 has no document id list !
2024-07-04 16:03:44,418 [WARN] DbBoards:127 - board B-L475E-IOT01A2 has no document id list !
2024-07-04 16:03:44,418 [WARN] DbBoards:127 - board NUCLEO-G491RE has no document id list !
2024-07-04 16:03:44,418 [WARN] DbBoards:127 - board NUCLEO-H723ZG has no document id list !
2024-07-04 16:03:44,418 [WARN] DbBoards:127 - board NUCLEO-H743ZI2 has no document id list !
2024-07-04 16:03:44,423 [WARN] DbBoards:127 - board NUCLEO-WB55RG has no document id list !
2024-07-04 16:03:44,423 [WARN] DbBoards:127 - board P-NUCLEO-WB55-Nucleo has no document id list !
2024-07-04 16:03:44,423 [WARN] DbBoards:127 - board P-NUCLEO-WB55-USBDongle has no document id list !
2024-07-04 16:03:44,423 [WARN] DbBoards:127 - board STEVAL-BFA001V1B has no document id list !
2024-07-04 16:03:44,423 [WARN] DbBoards:127 - board STEVAL-BFA001V2B has no document id list !
2024-07-04 16:03:44,423 [WARN] DbBoards:127 - board STEVAL-IDP005V1 has no document id list !
2024-07-04 16:03:44,423 [WARN] DbBoards:127 - board STEVAL-IDP005V2 has no document id list !
2024-07-04 16:03:44,423 [WARN] DbBoards:127 - board STEVAL-MKSBOX1V1 has no document id list !
2024-07-04 16:03:44,423 [WARN] DbBoards:127 - board STEVAL-STWINKT1 has no document id list !
2024-07-04 16:03:44,423 [WARN] DbBoards:127 - board STM32F401C-DISCO has no document id list !
2024-07-04 16:03:44,423 [WARN] DbBoards:127 - board STM32F769I-DISC1 has no document id list !
2024-07-04 16:03:44,428 [WARN] DbBoards:127 - board STM32G474E-EVAL1 has no document id list !
2024-07-04 16:03:44,428 [WARN] DbBoards:127 - board STM32H735G-DK has no document id list !
2024-07-04 16:03:44,428 [WARN] DbBoards:127 - board STM32H743I-EVAL2 has no document id list !
2024-07-04 16:03:44,428 [WARN] DbBoards:127 - board STM32H747I-DISC1 has no document id list !
2024-07-04 16:03:44,428 [WARN] DbBoards:127 - board STM32H753I-EVAL2 has no document id list !
2024-07-04 16:03:44,428 [WARN] DbBoards:127 - board STM32L-DISCOVERY has no document id list !
2024-07-04 16:03:44,431 [WARN] DbBoards:127 - board STM32MP157A-DK1 has no document id list !
2024-07-04 16:03:44,431 [WARN] DbBoards:127 - board STM32MP157F-EV1 has no document id list !
2024-07-04 16:03:44,560 [ERROR] DbBoards:192 - No image file URL for board B-L462E-CELL1
2024-07-04 16:03:46,323 [INFO] ApiDb:201 - Load user favorites file C:\Users\abdel/.stm32cubeide/favorites.boards.txt: 0 item(s)
2024-07-04 16:03:46,328 [INFO] ApiDb:205 - User favorites Boards=[]
2024-07-04 16:03:46,328 [INFO] DbBoards:206 - Set 0 / 0 favorites Boards
2024-07-04 16:03:58,098 [INFO] ApiDb:226 - Save user favorites file C:\Users\abdel/.stm32cubeide/favorites.mcus.txt: 0 item(s)
2024-07-04 16:03:58,101 [INFO] ApiDb:230 - User favorites MCUs=[]
2024-07-04 16:04:35,974 [ERROR] ServerAccessManage:1004 - Warning during Server Connexion :  Unknown host sw-center.st.com
2024-07-04 16:04:35,979 [ERROR] ServerAccessManage:1004 - Warning during Server Connexion :  Unknown host www.ebuc23.com
2024-07-04 16:04:35,981 [INFO] MainUpdater:2268 - connection check result : 22
2024-07-04 16:04:37,922 [INFO] McuFinderGlobals:40 - Set McuFinder mode to 2 (CubeIDE integrated)
2024-07-04 16:04:37,954 [INFO] CrossSelectorPresenter:1330 - Cross Selector saved comparison directory: C:\Users\abdel\.stmcufinder\plugins\mcufinder\mcu\cs_comparisons_mx
2024-07-04 16:04:37,954 [INFO] MultiScanPanel:193 - Auto-refresh data requested => check proxy status ongoing
2024-07-04 16:04:37,954 [INFO] FinderPluginLoader:87 - Searching for filters in installed packs
2024-07-04 16:04:38,507 [INFO] McuFilterPanel:245 - Update 0 favorites MCUs
2024-07-04 16:04:49,586 [INFO] DbMcusDocs:145 - JSON generation date=Thu Jul 02 17:47:47 EET 2020 (1593704867)
2024-07-04 16:04:49,818 [INFO] DbMcusDocs:81 - Found 580 MCUs documents
2024-07-04 16:05:04,413 [INFO] LogOutputStream:76 - [STDOUT_REDIRECT] withoutVersionV1.8.4
2024-07-04 16:05:04,413 [INFO] LogOutputStream:76 - [STDOUT_REDIRECT] withoutVersionV1.8.3
2024-07-04 16:05:04,413 [INFO] LogOutputStream:76 - [STDOUT_REDIRECT] withoutVersionV1.8.2
2024-07-04 16:05:04,413 [INFO] LogOutputStream:76 - [STDOUT_REDIRECT] withoutVersionV1.8.1
2024-07-04 16:05:04,413 [INFO] LogOutputStream:76 - [STDOUT_REDIRECT] withoutVersionV1.8.0
2024-07-04 16:05:14,949 [INFO] ApiDb:226 - Save user favorites file C:\Users\abdel/.stm32cubeide/favorites.mcus.txt: 0 item(s)
2024-07-04 16:05:14,949 [INFO] ApiDb:230 - User favorites MCUs=[]
2024-07-05 16:36:30,477 [INFO] Activator:178 - 


2024-07-05 16:36:30,488 [INFO] Activator:179 - !SESSION log4j initialized
2024-07-05 17:03:58,251 [INFO] Activator:178 - 


2024-07-05 17:03:58,261 [INFO] Activator:179 - !SESSION log4j initialized
2024-07-05 21:17:57,427 [INFO] Activator:178 - 


2024-07-05 21:17:57,437 [INFO] Activator:179 - !SESSION log4j initialized
2024-07-10 15:40:10,883 [INFO] Activator:178 - 


2024-07-10 15:40:10,892 [INFO] Activator:179 - !SESSION log4j initialized
2024-07-10 15:40:49,425 [INFO] RetryExec:97 - I/O exception (org.apache.http.NoHttpResponseException) caught when processing request to {}->http://sw-center.st.com:80: The target server failed to respond
2024-07-10 15:40:49,427 [INFO] RetryExec:113 - Retrying request to {}->http://sw-center.st.com:80
2024-07-10 15:40:51,319 [INFO] RetryExec:97 - I/O exception (org.apache.http.NoHttpResponseException) caught when processing request to {}->http://sw-center.st.com:80: The target server failed to respond
2024-07-10 15:40:51,319 [INFO] RetryExec:113 - Retrying request to {}->http://sw-center.st.com:80
2024-07-10 15:40:53,350 [INFO] RetryExec:97 - I/O exception (org.apache.http.NoHttpResponseException) caught when processing request to {}->http://sw-center.st.com:80: The target server failed to respond
2024-07-10 15:40:53,352 [INFO] RetryExec:113 - Retrying request to {}->http://sw-center.st.com:80
2024-07-10 15:40:55,847 [INFO] RetryExec:97 - I/O exception (org.apache.http.NoHttpResponseException) caught when processing request to {}->http://sw-center.st.com:80: The target server failed to respond
2024-07-10 15:40:55,847 [INFO] RetryExec:113 - Retrying request to {}->http://sw-center.st.com:80
2024-07-10 15:40:58,795 [INFO] RetryExec:97 - I/O exception (org.apache.http.NoHttpResponseException) caught when processing request to {}->http://sw-center.st.com:80: The target server failed to respond
2024-07-10 15:40:58,795 [INFO] RetryExec:113 - Retrying request to {}->http://sw-center.st.com:80
2024-07-10 15:41:02,829 [INFO] RetryExec:97 - I/O exception (org.apache.http.NoHttpResponseException) caught when processing request to {}->http://sw-center.st.com:80: The target server failed to respond
2024-07-10 15:41:02,829 [INFO] RetryExec:113 - Retrying request to {}->http://sw-center.st.com:80
2024-07-10 15:41:07,928 [INFO] RetryExec:97 - I/O exception (org.apache.http.NoHttpResponseException) caught when processing request to {}->http://sw-center.st.com:80: The target server failed to respond
2024-07-10 15:41:07,928 [INFO] RetryExec:113 - Retrying request to {}->http://sw-center.st.com:80
2024-07-10 15:41:14,438 [INFO] RetryExec:97 - I/O exception (org.apache.http.NoHttpResponseException) caught when processing request to {}->http://sw-center.st.com:80: The target server failed to respond
2024-07-10 15:41:14,443 [INFO] RetryExec:113 - Retrying request to {}->http://sw-center.st.com:80
2024-07-10 15:41:19,637 [INFO] RetryExec:97 - I/O exception (org.apache.http.NoHttpResponseException) caught when processing request to {}->http://sw-center.st.com:80: The target server failed to respond
2024-07-10 15:41:19,639 [INFO] RetryExec:113 - Retrying request to {}->http://sw-center.st.com:80
2024-07-10 15:41:24,683 [INFO] RetryExec:97 - I/O exception (org.apache.http.NoHttpResponseException) caught when processing request to {}->http://sw-center.st.com:80: The target server failed to respond
2024-07-10 15:41:24,683 [INFO] RetryExec:113 - Retrying request to {}->http://sw-center.st.com:80
2024-07-11 13:48:37,432 [INFO] Activator:178 - 


2024-07-11 13:48:37,458 [INFO] Activator:179 - !SESSION log4j initialized
2024-07-12 08:08:27,510 [INFO] Activator:178 - 


2024-07-12 08:08:27,520 [INFO] Activator:179 - !SESSION log4j initialized
2024-07-13 04:47:11,501 [INFO] Activator:178 - 


2024-07-13 04:47:11,505 [INFO] Activator:179 - !SESSION log4j initialized
2024-07-14 12:32:08,698 [INFO] Activator:178 - 


2024-07-14 12:32:08,704 [INFO] Activator:179 - !SESSION log4j initialized
2024-07-15 05:59:49,809 [INFO] Activator:178 - 


2024-07-15 05:59:49,821 [INFO] Activator:179 - !SESSION log4j initialized
2024-07-15 17:22:54,347 [INFO] Activator:178 - 


2024-07-15 17:22:54,357 [INFO] Activator:179 - !SESSION log4j initialized
2024-07-16 04:39:54,737 [INFO] Activator:178 - 


2024-07-16 04:39:54,742 [INFO] Activator:179 - !SESSION log4j initialized
2024-07-16 06:21:12,365 [INFO] Activator:178 - 


2024-07-16 06:21:12,371 [INFO] Activator:179 - !SESSION log4j initialized
2024-07-16 06:22:46,776 [INFO] RetryExec:97 - I/O exception (java.net.SocketException) caught when processing request to {s}->https://sw-center.st.com:443: Socket Closed
2024-07-16 06:22:46,780 [INFO] RetryExec:113 - Retrying request to {s}->https://sw-center.st.com:443
2024-07-28 15:07:44,048 [INFO] Activator:178 - 


2024-07-28 15:07:44,056 [INFO] Activator:179 - !SESSION log4j initialized
2024-07-29 14:22:09,842 [INFO] Activator:178 - 


2024-07-29 14:22:09,847 [INFO] Activator:179 - !SESSION log4j initialized
2024-07-30 07:50:44,716 [INFO] Activator:178 - 


2024-07-30 07:50:44,726 [INFO] Activator:179 - !SESSION log4j initialized
2024-08-01 23:31:41,563 [INFO] Activator:178 - 


2024-08-01 23:31:41,565 [INFO] Activator:179 - !SESSION log4j initialized
2024-08-20 14:15:33,011 [INFO] Activator:178 - 


2024-08-20 14:15:33,014 [INFO] Activator:179 - !SESSION log4j initialized
2024-08-20 14:18:11,213 [INFO] RetryExec:97 - I/O exception (org.apache.http.NoHttpResponseException) caught when processing request to {}->http://sw-center.st.com:80: The target server failed to respond
2024-08-20 14:18:11,218 [INFO] RetryExec:113 - Retrying request to {}->http://sw-center.st.com:80
